{"C:\\laragon\\www\\TheBrowserShield\\config\\AntiDetectionSuite.js": {"path":"C:\\laragon\\www\\TheBrowserShield\\config\\AntiDetectionSuite.js","statementMap":{"0":{"start":{"line":13,"column":8},"end":{"line":25,"column":11}},"1":{"start":{"line":32,"column":8},"end":{"line":65,"column":11}},"2":{"start":{"line":33,"column":31},"end":{"line":33,"column":69}},"3":{"start":{"line":34,"column":12},"end":{"line":64,"column":14}},"4":{"start":{"line":35,"column":16},"end":{"line":62,"column":17}},"5":{"start":{"line":36,"column":36},"end":{"line":36,"column":75}},"6":{"start":{"line":37,"column":41},"end":{"line":37,"column":61}},"7":{"start":{"line":39,"column":20},"end":{"line":50,"column":22}},"8":{"start":{"line":40,"column":42},"end":{"line":40,"column":77}},"9":{"start":{"line":43,"column":24},"end":{"line":48,"column":25}},"10":{"start":{"line":43,"column":37},"end":{"line":43,"column":38}},"11":{"start":{"line":44,"column":42},"end":{"line":44,"column":75}},"12":{"start":{"line":45,"column":28},"end":{"line":45,"column":102}},"13":{"start":{"line":46,"column":28},"end":{"line":46,"column":110}},"14":{"start":{"line":47,"column":28},"end":{"line":47,"column":110}},"15":{"start":{"line":49,"column":24},"end":{"line":49,"column":41}},"16":{"start":{"line":53,"column":37},"end":{"line":53,"column":53}},"17":{"start":{"line":54,"column":20},"end":{"line":59,"column":22}},"18":{"start":{"line":56,"column":40},"end":{"line":56,"column":66}},"19":{"start":{"line":57,"column":40},"end":{"line":57,"column":66}},"20":{"start":{"line":58,"column":24},"end":{"line":58,"column":93}},"21":{"start":{"line":61,"column":20},"end":{"line":61,"column":35}},"22":{"start":{"line":63,"column":16},"end":{"line":63,"column":63}},"23":{"start":{"line":72,"column":8},"end":{"line":100,"column":11}},"24":{"start":{"line":73,"column":12},"end":{"line":99,"column":13}},"25":{"start":{"line":74,"column":50},"end":{"line":74,"column":67}},"26":{"start":{"line":76,"column":16},"end":{"line":90,"column":18}},"27":{"start":{"line":77,"column":31},"end":{"line":77,"column":69}},"28":{"start":{"line":80,"column":48},"end":{"line":80,"column":62}},"29":{"start":{"line":81,"column":20},"end":{"line":87,"column":22}},"30":{"start":{"line":82,"column":38},"end":{"line":82,"column":77}},"31":{"start":{"line":83,"column":24},"end":{"line":86,"column":27}},"32":{"start":{"line":84,"column":28},"end":{"line":84,"column":115}},"33":{"start":{"line":85,"column":28},"end":{"line":85,"column":47}},"34":{"start":{"line":89,"column":20},"end":{"line":89,"column":30}},"35":{"start":{"line":93,"column":16},"end":{"line":93,"column":51}},"36":{"start":{"line":94,"column":16},"end":{"line":94,"column":57}},"37":{"start":{"line":95,"column":16},"end":{"line":95,"column":54}},"38":{"start":{"line":96,"column":16},"end":{"line":98,"column":18}},"39":{"start":{"line":97,"column":40},"end":{"line":97,"column":86}},"40":{"start":{"line":107,"column":8},"end":{"line":135,"column":11}},"41":{"start":{"line":108,"column":33},"end":{"line":108,"column":81}},"42":{"start":{"line":109,"column":12},"end":{"line":134,"column":13}},"43":{"start":{"line":110,"column":47},"end":{"line":110,"column":84}},"44":{"start":{"line":111,"column":16},"end":{"line":133,"column":18}},"45":{"start":{"line":112,"column":37},"end":{"line":112,"column":70}},"46":{"start":{"line":113,"column":58},"end":{"line":113,"column":88}},"47":{"start":{"line":114,"column":57},"end":{"line":114,"column":86}},"48":{"start":{"line":116,"column":20},"end":{"line":122,"column":22}},"49":{"start":{"line":117,"column":24},"end":{"line":117,"column":72}},"50":{"start":{"line":119,"column":24},"end":{"line":121,"column":25}},"51":{"start":{"line":119,"column":37},"end":{"line":119,"column":38}},"52":{"start":{"line":120,"column":28},"end":{"line":120,"column":67}},"53":{"start":{"line":124,"column":20},"end":{"line":130,"column":22}},"54":{"start":{"line":125,"column":24},"end":{"line":125,"column":71}},"55":{"start":{"line":127,"column":24},"end":{"line":129,"column":25}},"56":{"start":{"line":127,"column":37},"end":{"line":127,"column":38}},"57":{"start":{"line":128,"column":28},"end":{"line":128,"column":112}},"58":{"start":{"line":132,"column":20},"end":{"line":132,"column":36}},"59":{"start":{"line":142,"column":8},"end":{"line":174,"column":11}},"60":{"start":{"line":143,"column":33},"end":{"line":143,"column":77}},"61":{"start":{"line":144,"column":12},"end":{"line":162,"column":14}},"62":{"start":{"line":146,"column":16},"end":{"line":149,"column":17}},"63":{"start":{"line":147,"column":36},"end":{"line":147,"column":79}},"64":{"start":{"line":148,"column":20},"end":{"line":148,"column":79}},"65":{"start":{"line":150,"column":16},"end":{"line":157,"column":17}},"66":{"start":{"line":151,"column":38},"end":{"line":155,"column":21}},"67":{"start":{"line":156,"column":20},"end":{"line":156,"column":83}},"68":{"start":{"line":158,"column":16},"end":{"line":160,"column":17}},"69":{"start":{"line":159,"column":20},"end":{"line":159,"column":75}},"70":{"start":{"line":161,"column":16},"end":{"line":161,"column":58}},"71":{"start":{"line":165,"column":12},"end":{"line":173,"column":13}},"72":{"start":{"line":166,"column":38},"end":{"line":166,"column":83}},"73":{"start":{"line":167,"column":16},"end":{"line":172,"column":18}},"74":{"start":{"line":168,"column":20},"end":{"line":170,"column":21}},"75":{"start":{"line":169,"column":24},"end":{"line":169,"column":98}},"76":{"start":{"line":171,"column":20},"end":{"line":171,"column":63}},"77":{"start":{"line":181,"column":8},"end":{"line":205,"column":9}},"78":{"start":{"line":182,"column":12},"end":{"line":204,"column":25}},"79":{"start":{"line":184,"column":50},"end":{"line":184,"column":82}},"80":{"start":{"line":185,"column":16},"end":{"line":191,"column":18}},"81":{"start":{"line":187,"column":33},"end":{"line":187,"column":43}},"82":{"start":{"line":188,"column":32},"end":{"line":188,"column":83}},"83":{"start":{"line":189,"column":39},"end":{"line":189,"column":93}},"84":{"start":{"line":190,"column":20},"end":{"line":190,"column":57}},"85":{"start":{"line":194,"column":36},"end":{"line":201,"column":21}},"86":{"start":{"line":202,"column":20},"end":{"line":202,"column":50}},"87":{"start":{"line":212,"column":8},"end":{"line":219,"column":22}},"88":{"start":{"line":213,"column":12},"end":{"line":215,"column":15}},"89":{"start":{"line":214,"column":27},"end":{"line":214,"column":32}},"90":{"start":{"line":216,"column":12},"end":{"line":218,"column":15}},"91":{"start":{"line":217,"column":27},"end":{"line":217,"column":35}},"92":{"start":{"line":226,"column":8},"end":{"line":235,"column":9}},"93":{"start":{"line":227,"column":12},"end":{"line":234,"column":29}},"94":{"start":{"line":228,"column":16},"end":{"line":228,"column":88}},"95":{"start":{"line":229,"column":16},"end":{"line":229,"column":90}},"96":{"start":{"line":230,"column":16},"end":{"line":230,"column":93}},"97":{"start":{"line":231,"column":16},"end":{"line":231,"column":102}},"98":{"start":{"line":232,"column":16},"end":{"line":232,"column":96}},"99":{"start":{"line":233,"column":16},"end":{"line":233,"column":96}},"100":{"start":{"line":242,"column":8},"end":{"line":259,"column":27}},"101":{"start":{"line":244,"column":12},"end":{"line":246,"column":15}},"102":{"start":{"line":245,"column":27},"end":{"line":245,"column":79}},"103":{"start":{"line":249,"column":12},"end":{"line":253,"column":13}},"104":{"start":{"line":250,"column":16},"end":{"line":252,"column":19}},"105":{"start":{"line":251,"column":31},"end":{"line":251,"column":89}},"106":{"start":{"line":256,"column":12},"end":{"line":258,"column":15}},"107":{"start":{"line":257,"column":27},"end":{"line":257,"column":115}},"108":{"start":{"line":266,"column":8},"end":{"line":293,"column":11}},"109":{"start":{"line":267,"column":40},"end":{"line":267,"column":58}},"110":{"start":{"line":268,"column":31},"end":{"line":275,"column":13}},"111":{"start":{"line":277,"column":12},"end":{"line":292,"column":15}},"112":{"start":{"line":282,"column":28},"end":{"line":287,"column":29}},"113":{"start":{"line":283,"column":54},"end":{"line":283,"column":66}},"114":{"start":{"line":285,"column":49},"end":{"line":285,"column":85}},"115":{"start":{"line":286,"column":32},"end":{"line":286,"column":64}},"116":{"start":{"line":288,"column":28},"end":{"line":288,"column":48}},"117":{"start":{"line":300,"column":8},"end":{"line":332,"column":11}},"118":{"start":{"line":302,"column":25},"end":{"line":302,"column":26}},"119":{"start":{"line":302,"column":37},"end":{"line":302,"column":38}},"120":{"start":{"line":303,"column":45},"end":{"line":303,"column":83}},"121":{"start":{"line":305,"column":12},"end":{"line":321,"column":14}},"122":{"start":{"line":306,"column":16},"end":{"line":319,"column":17}},"123":{"start":{"line":307,"column":46},"end":{"line":317,"column":21}},"124":{"start":{"line":309,"column":39},"end":{"line":309,"column":42}},"125":{"start":{"line":310,"column":24},"end":{"line":310,"column":72}},"126":{"start":{"line":311,"column":24},"end":{"line":311,"column":72}},"127":{"start":{"line":313,"column":24},"end":{"line":313,"column":47}},"128":{"start":{"line":314,"column":24},"end":{"line":314,"column":47}},"129":{"start":{"line":316,"column":24},"end":{"line":316,"column":40}},"130":{"start":{"line":318,"column":20},"end":{"line":318,"column":97}},"131":{"start":{"line":320,"column":16},"end":{"line":320,"column":84}},"132":{"start":{"line":324,"column":37},"end":{"line":324,"column":50}},"133":{"start":{"line":325,"column":12},"end":{"line":331,"column":14}},"134":{"start":{"line":326,"column":16},"end":{"line":329,"column":17}},"135":{"start":{"line":328,"column":20},"end":{"line":328,"column":78}},"136":{"start":{"line":330,"column":16},"end":{"line":330,"column":65}},"137":{"start":{"line":339,"column":8},"end":{"line":361,"column":11}},"138":{"start":{"line":341,"column":40},"end":{"line":341,"column":86}},"139":{"start":{"line":342,"column":12},"end":{"line":360,"column":14}},"140":{"start":{"line":343,"column":32},"end":{"line":343,"column":68}},"141":{"start":{"line":345,"column":33},"end":{"line":345,"column":36}},"142":{"start":{"line":346,"column":16},"end":{"line":359,"column":18}},"143":{"start":{"line":365,"column":0},"end":{"line":365,"column":36}}},"fnMap":{"0":{"name":"(anonymous_0)","decl":{"start":{"line":12,"column":4},"end":{"line":12,"column":5}},"loc":{"start":{"line":12,"column":38},"end":{"line":26,"column":5}},"line":12},"1":{"name":"(anonymous_1)","decl":{"start":{"line":31,"column":4},"end":{"line":31,"column":5}},"loc":{"start":{"line":31,"column":35},"end":{"line":66,"column":5}},"line":31},"2":{"name":"(anonymous_2)","decl":{"start":{"line":32,"column":41},"end":{"line":32,"column":42}},"loc":{"start":{"line":32,"column":47},"end":{"line":65,"column":9}},"line":32},"3":{"name":"(anonymous_3)","decl":{"start":{"line":34,"column":53},"end":{"line":34,"column":54}},"loc":{"start":{"line":34,"column":80},"end":{"line":64,"column":13}},"line":34},"4":{"name":"(anonymous_4)","decl":{"start":{"line":39,"column":43},"end":{"line":39,"column":44}},"loc":{"start":{"line":39,"column":64},"end":{"line":50,"column":21}},"line":39},"5":{"name":"(anonymous_5)","decl":{"start":{"line":54,"column":39},"end":{"line":54,"column":40}},"loc":{"start":{"line":54,"column":70},"end":{"line":59,"column":21}},"line":54},"6":{"name":"(anonymous_6)","decl":{"start":{"line":71,"column":4},"end":{"line":71,"column":5}},"loc":{"start":{"line":71,"column":35},"end":{"line":101,"column":5}},"line":71},"7":{"name":"(anonymous_7)","decl":{"start":{"line":72,"column":41},"end":{"line":72,"column":42}},"loc":{"start":{"line":72,"column":47},"end":{"line":100,"column":9}},"line":72},"8":{"name":"(anonymous_8)","decl":{"start":{"line":76,"column":43},"end":{"line":76,"column":44}},"loc":{"start":{"line":76,"column":61},"end":{"line":90,"column":17}},"line":76},"9":{"name":"(anonymous_9)","decl":{"start":{"line":81,"column":37},"end":{"line":81,"column":38}},"loc":{"start":{"line":81,"column":55},"end":{"line":87,"column":21}},"line":81},"10":{"name":"(anonymous_10)","decl":{"start":{"line":83,"column":42},"end":{"line":83,"column":43}},"loc":{"start":{"line":83,"column":57},"end":{"line":86,"column":25}},"line":83},"11":{"name":"(anonymous_11)","decl":{"start":{"line":97,"column":34},"end":{"line":97,"column":35}},"loc":{"start":{"line":97,"column":40},"end":{"line":97,"column":86}},"line":97},"12":{"name":"(anonymous_12)","decl":{"start":{"line":106,"column":4},"end":{"line":106,"column":5}},"loc":{"start":{"line":106,"column":41},"end":{"line":136,"column":5}},"line":106},"13":{"name":"(anonymous_13)","decl":{"start":{"line":107,"column":41},"end":{"line":107,"column":42}},"loc":{"start":{"line":107,"column":47},"end":{"line":135,"column":9}},"line":107},"14":{"name":"(anonymous_14)","decl":{"start":{"line":111,"column":56},"end":{"line":111,"column":57}},"loc":{"start":{"line":111,"column":67},"end":{"line":133,"column":17}},"line":111},"15":{"name":"(anonymous_15)","decl":{"start":{"line":116,"column":53},"end":{"line":116,"column":54}},"loc":{"start":{"line":116,"column":69},"end":{"line":122,"column":21}},"line":116},"16":{"name":"(anonymous_16)","decl":{"start":{"line":124,"column":52},"end":{"line":124,"column":53}},"loc":{"start":{"line":124,"column":68},"end":{"line":130,"column":21}},"line":124},"17":{"name":"(anonymous_17)","decl":{"start":{"line":141,"column":4},"end":{"line":141,"column":5}},"loc":{"start":{"line":141,"column":34},"end":{"line":175,"column":5}},"line":141},"18":{"name":"(anonymous_18)","decl":{"start":{"line":142,"column":41},"end":{"line":142,"column":42}},"loc":{"start":{"line":142,"column":47},"end":{"line":174,"column":9}},"line":142},"19":{"name":"(anonymous_19)","decl":{"start":{"line":144,"column":59},"end":{"line":144,"column":60}},"loc":{"start":{"line":144,"column":79},"end":{"line":162,"column":13}},"line":144},"20":{"name":"(anonymous_20)","decl":{"start":{"line":167,"column":64},"end":{"line":167,"column":65}},"loc":{"start":{"line":167,"column":84},"end":{"line":172,"column":17}},"line":167},"21":{"name":"(anonymous_21)","decl":{"start":{"line":180,"column":4},"end":{"line":180,"column":5}},"loc":{"start":{"line":180,"column":47},"end":{"line":206,"column":5}},"line":180},"22":{"name":"(anonymous_22)","decl":{"start":{"line":182,"column":45},"end":{"line":182,"column":46}},"loc":{"start":{"line":182,"column":53},"end":{"line":204,"column":13}},"line":182},"23":{"name":"(anonymous_23)","decl":{"start":{"line":185,"column":51},"end":{"line":185,"column":52}},"loc":{"start":{"line":185,"column":62},"end":{"line":191,"column":17}},"line":185},"24":{"name":"getTimezoneOffsetForZone","decl":{"start":{"line":193,"column":25},"end":{"line":193,"column":49}},"loc":{"start":{"line":193,"column":60},"end":{"line":203,"column":17}},"line":193},"25":{"name":"(anonymous_25)","decl":{"start":{"line":211,"column":4},"end":{"line":211,"column":5}},"loc":{"start":{"line":211,"column":49},"end":{"line":220,"column":5}},"line":211},"26":{"name":"(anonymous_26)","decl":{"start":{"line":212,"column":41},"end":{"line":212,"column":42}},"loc":{"start":{"line":212,"column":52},"end":{"line":219,"column":9}},"line":212},"27":{"name":"(anonymous_27)","decl":{"start":{"line":214,"column":21},"end":{"line":214,"column":22}},"loc":{"start":{"line":214,"column":27},"end":{"line":214,"column":32}},"line":214},"28":{"name":"(anonymous_28)","decl":{"start":{"line":217,"column":21},"end":{"line":217,"column":22}},"loc":{"start":{"line":217,"column":27},"end":{"line":217,"column":35}},"line":217},"29":{"name":"(anonymous_29)","decl":{"start":{"line":225,"column":4},"end":{"line":225,"column":5}},"loc":{"start":{"line":225,"column":49},"end":{"line":236,"column":5}},"line":225},"30":{"name":"(anonymous_30)","decl":{"start":{"line":227,"column":45},"end":{"line":227,"column":46}},"loc":{"start":{"line":227,"column":57},"end":{"line":234,"column":13}},"line":227},"31":{"name":"(anonymous_31)","decl":{"start":{"line":241,"column":4},"end":{"line":241,"column":5}},"loc":{"start":{"line":241,"column":53},"end":{"line":260,"column":5}},"line":241},"32":{"name":"(anonymous_32)","decl":{"start":{"line":242,"column":41},"end":{"line":242,"column":42}},"loc":{"start":{"line":242,"column":53},"end":{"line":259,"column":9}},"line":242},"33":{"name":"(anonymous_33)","decl":{"start":{"line":245,"column":21},"end":{"line":245,"column":22}},"loc":{"start":{"line":245,"column":27},"end":{"line":245,"column":79}},"line":245},"34":{"name":"(anonymous_34)","decl":{"start":{"line":251,"column":25},"end":{"line":251,"column":26}},"loc":{"start":{"line":251,"column":31},"end":{"line":251,"column":89}},"line":251},"35":{"name":"(anonymous_35)","decl":{"start":{"line":257,"column":21},"end":{"line":257,"column":22}},"loc":{"start":{"line":257,"column":27},"end":{"line":257,"column":115}},"line":257},"36":{"name":"(anonymous_36)","decl":{"start":{"line":265,"column":4},"end":{"line":265,"column":5}},"loc":{"start":{"line":265,"column":46},"end":{"line":294,"column":5}},"line":265},"37":{"name":"(anonymous_37)","decl":{"start":{"line":266,"column":41},"end":{"line":266,"column":42}},"loc":{"start":{"line":266,"column":47},"end":{"line":293,"column":9}},"line":266},"38":{"name":"(anonymous_38)","decl":{"start":{"line":281,"column":24},"end":{"line":281,"column":25}},"loc":{"start":{"line":281,"column":42},"end":{"line":289,"column":25}},"line":281},"39":{"name":"(anonymous_39)","decl":{"start":{"line":299,"column":4},"end":{"line":299,"column":5}},"loc":{"start":{"line":299,"column":47},"end":{"line":333,"column":5}},"line":299},"40":{"name":"(anonymous_40)","decl":{"start":{"line":300,"column":41},"end":{"line":300,"column":42}},"loc":{"start":{"line":300,"column":47},"end":{"line":332,"column":9}},"line":300},"41":{"name":"(anonymous_41)","decl":{"start":{"line":305,"column":53},"end":{"line":305,"column":54}},"loc":{"start":{"line":305,"column":87},"end":{"line":321,"column":13}},"line":305},"42":{"name":"(anonymous_42)","decl":{"start":{"line":307,"column":46},"end":{"line":307,"column":47}},"loc":{"start":{"line":307,"column":57},"end":{"line":317,"column":21}},"line":307},"43":{"name":"(anonymous_43)","decl":{"start":{"line":325,"column":35},"end":{"line":325,"column":36}},"loc":{"start":{"line":325,"column":65},"end":{"line":331,"column":13}},"line":325},"44":{"name":"(anonymous_44)","decl":{"start":{"line":338,"column":4},"end":{"line":338,"column":5}},"loc":{"start":{"line":338,"column":47},"end":{"line":362,"column":5}},"line":338},"45":{"name":"(anonymous_45)","decl":{"start":{"line":339,"column":41},"end":{"line":339,"column":42}},"loc":{"start":{"line":339,"column":47},"end":{"line":361,"column":9}},"line":339},"46":{"name":"(anonymous_46)","decl":{"start":{"line":342,"column":61},"end":{"line":342,"column":62}},"loc":{"start":{"line":342,"column":76},"end":{"line":360,"column":13}},"line":342}},"branchMap":{"0":{"loc":{"start":{"line":19,"column":38},"end":{"line":19,"column":74}},"type":"binary-expr","locations":[{"start":{"line":19,"column":38},"end":{"line":19,"column":55}},{"start":{"line":19,"column":59},"end":{"line":19,"column":74}}],"line":19},"1":{"loc":{"start":{"line":35,"column":16},"end":{"line":62,"column":17}},"type":"if","locations":[{"start":{"line":35,"column":16},"end":{"line":62,"column":17}},{"start":{},"end":{}}],"line":35},"2":{"loc":{"start":{"line":73,"column":12},"end":{"line":99,"column":13}},"type":"if","locations":[{"start":{"line":73,"column":12},"end":{"line":99,"column":13}},{"start":{},"end":{}}],"line":73},"3":{"loc":{"start":{"line":108,"column":33},"end":{"line":108,"column":81}},"type":"binary-expr","locations":[{"start":{"line":108,"column":33},"end":{"line":108,"column":52}},{"start":{"line":108,"column":56},"end":{"line":108,"column":81}}],"line":108},"4":{"loc":{"start":{"line":109,"column":12},"end":{"line":134,"column":13}},"type":"if","locations":[{"start":{"line":109,"column":12},"end":{"line":134,"column":13}},{"start":{},"end":{}}],"line":109},"5":{"loc":{"start":{"line":146,"column":16},"end":{"line":149,"column":17}},"type":"if","locations":[{"start":{"line":146,"column":16},"end":{"line":149,"column":17}},{"start":{},"end":{}}],"line":146},"6":{"loc":{"start":{"line":150,"column":16},"end":{"line":157,"column":17}},"type":"if","locations":[{"start":{"line":150,"column":16},"end":{"line":157,"column":17}},{"start":{},"end":{}}],"line":150},"7":{"loc":{"start":{"line":158,"column":16},"end":{"line":160,"column":17}},"type":"if","locations":[{"start":{"line":158,"column":16},"end":{"line":160,"column":17}},{"start":{},"end":{}}],"line":158},"8":{"loc":{"start":{"line":165,"column":12},"end":{"line":173,"column":13}},"type":"if","locations":[{"start":{"line":165,"column":12},"end":{"line":173,"column":13}},{"start":{},"end":{}}],"line":165},"9":{"loc":{"start":{"line":168,"column":20},"end":{"line":170,"column":21}},"type":"if","locations":[{"start":{"line":168,"column":20},"end":{"line":170,"column":21}},{"start":{},"end":{}}],"line":168},"10":{"loc":{"start":{"line":168,"column":24},"end":{"line":168,"column":88}},"type":"binary-expr","locations":[{"start":{"line":168,"column":24},"end":{"line":168,"column":43}},{"start":{"line":168,"column":47},"end":{"line":168,"column":66}},{"start":{"line":168,"column":70},"end":{"line":168,"column":88}}],"line":168},"11":{"loc":{"start":{"line":181,"column":8},"end":{"line":205,"column":9}},"type":"if","locations":[{"start":{"line":181,"column":8},"end":{"line":205,"column":9}},{"start":{},"end":{}}],"line":181},"12":{"loc":{"start":{"line":202,"column":27},"end":{"line":202,"column":49}},"type":"binary-expr","locations":[{"start":{"line":202,"column":27},"end":{"line":202,"column":44}},{"start":{"line":202,"column":48},"end":{"line":202,"column":49}}],"line":202},"13":{"loc":{"start":{"line":226,"column":8},"end":{"line":235,"column":9}},"type":"if","locations":[{"start":{"line":226,"column":8},"end":{"line":235,"column":9}},{"start":{},"end":{}}],"line":226},"14":{"loc":{"start":{"line":228,"column":64},"end":{"line":228,"column":84}},"type":"binary-expr","locations":[{"start":{"line":228,"column":64},"end":{"line":228,"column":76}},{"start":{"line":228,"column":80},"end":{"line":228,"column":84}}],"line":228},"15":{"loc":{"start":{"line":229,"column":65},"end":{"line":229,"column":86}},"type":"binary-expr","locations":[{"start":{"line":229,"column":65},"end":{"line":229,"column":78}},{"start":{"line":229,"column":82},"end":{"line":229,"column":86}}],"line":229},"16":{"loc":{"start":{"line":230,"column":69},"end":{"line":230,"column":89}},"type":"binary-expr","locations":[{"start":{"line":230,"column":69},"end":{"line":230,"column":81}},{"start":{"line":230,"column":85},"end":{"line":230,"column":89}}],"line":230},"17":{"loc":{"start":{"line":231,"column":71},"end":{"line":231,"column":92}},"type":"binary-expr","locations":[{"start":{"line":231,"column":71},"end":{"line":231,"column":84}},{"start":{"line":231,"column":88},"end":{"line":231,"column":92}}],"line":231},"18":{"loc":{"start":{"line":232,"column":69},"end":{"line":232,"column":92}},"type":"binary-expr","locations":[{"start":{"line":232,"column":69},"end":{"line":232,"column":86}},{"start":{"line":232,"column":90},"end":{"line":232,"column":92}}],"line":232},"19":{"loc":{"start":{"line":233,"column":69},"end":{"line":233,"column":92}},"type":"binary-expr","locations":[{"start":{"line":233,"column":69},"end":{"line":233,"column":86}},{"start":{"line":233,"column":90},"end":{"line":233,"column":92}}],"line":233},"20":{"loc":{"start":{"line":245,"column":27},"end":{"line":245,"column":79}},"type":"binary-expr","locations":[{"start":{"line":245,"column":27},"end":{"line":245,"column":40}},{"start":{"line":245,"column":45},"end":{"line":245,"column":78}}],"line":245},"21":{"loc":{"start":{"line":249,"column":12},"end":{"line":253,"column":13}},"type":"if","locations":[{"start":{"line":249,"column":12},"end":{"line":253,"column":13}},{"start":{},"end":{}}],"line":249},"22":{"loc":{"start":{"line":251,"column":31},"end":{"line":251,"column":89}},"type":"binary-expr","locations":[{"start":{"line":251,"column":31},"end":{"line":251,"column":45}},{"start":{"line":251,"column":49},"end":{"line":251,"column":89}}],"line":251},"23":{"loc":{"start":{"line":257,"column":27},"end":{"line":257,"column":115}},"type":"binary-expr","locations":[{"start":{"line":257,"column":27},"end":{"line":257,"column":43}},{"start":{"line":257,"column":47},"end":{"line":257,"column":115}}],"line":257},"24":{"loc":{"start":{"line":282,"column":28},"end":{"line":287,"column":29}},"type":"if","locations":[{"start":{"line":282,"column":28},"end":{"line":287,"column":29}},{"start":{},"end":{}}],"line":282},"25":{"loc":{"start":{"line":306,"column":16},"end":{"line":319,"column":17}},"type":"if","locations":[{"start":{"line":306,"column":16},"end":{"line":319,"column":17}},{"start":{},"end":{}}],"line":306},"26":{"loc":{"start":{"line":306,"column":20},"end":{"line":306,"column":74}},"type":"binary-expr","locations":[{"start":{"line":306,"column":20},"end":{"line":306,"column":40}},{"start":{"line":306,"column":44},"end":{"line":306,"column":74}}],"line":306},"27":{"loc":{"start":{"line":326,"column":16},"end":{"line":329,"column":17}},"type":"if","locations":[{"start":{"line":326,"column":16},"end":{"line":329,"column":17}},{"start":{},"end":{}}],"line":326},"28":{"loc":{"start":{"line":326,"column":20},"end":{"line":326,"column":57}},"type":"binary-expr","locations":[{"start":{"line":326,"column":20},"end":{"line":326,"column":33}},{"start":{"line":326,"column":37},"end":{"line":326,"column":57}}],"line":326}},"s":{"0":12,"1":12,"2":0,"3":0,"4":0,"5":0,"6":0,"7":0,"8":0,"9":0,"10":0,"11":0,"12":0,"13":0,"14":0,"15":0,"16":0,"17":0,"18":0,"19":0,"20":0,"21":0,"22":0,"23":12,"24":0,"25":0,"26":0,"27":0,"28":0,"29":0,"30":0,"31":0,"32":0,"33":0,"34":0,"35":0,"36":0,"37":0,"38":0,"39":0,"40":12,"41":0,"42":0,"43":0,"44":0,"45":0,"46":0,"47":0,"48":0,"49":0,"50":0,"51":0,"52":0,"53":0,"54":0,"55":0,"56":0,"57":0,"58":0,"59":12,"60":0,"61":0,"62":0,"63":0,"64":0,"65":0,"66":0,"67":0,"68":0,"69":0,"70":0,"71":0,"72":0,"73":0,"74":0,"75":0,"76":0,"77":12,"78":12,"79":0,"80":0,"81":0,"82":0,"83":0,"84":0,"85":0,"86":0,"87":12,"88":0,"89":0,"90":0,"91":0,"92":12,"93":0,"94":0,"95":0,"96":0,"97":0,"98":0,"99":0,"100":12,"101":0,"102":0,"103":0,"104":0,"105":0,"106":0,"107":0,"108":12,"109":0,"110":0,"111":0,"112":0,"113":0,"114":0,"115":0,"116":0,"117":12,"118":0,"119":0,"120":0,"121":0,"122":0,"123":0,"124":0,"125":0,"126":0,"127":0,"128":0,"129":0,"130":0,"131":0,"132":0,"133":0,"134":0,"135":0,"136":0,"137":12,"138":0,"139":0,"140":0,"141":0,"142":0,"143":5},"f":{"0":12,"1":12,"2":0,"3":0,"4":0,"5":0,"6":12,"7":0,"8":0,"9":0,"10":0,"11":0,"12":12,"13":0,"14":0,"15":0,"16":0,"17":12,"18":0,"19":0,"20":0,"21":12,"22":0,"23":0,"24":0,"25":12,"26":0,"27":0,"28":0,"29":12,"30":0,"31":12,"32":0,"33":0,"34":0,"35":0,"36":12,"37":0,"38":0,"39":12,"40":0,"41":0,"42":0,"43":0,"44":12,"45":0,"46":0},"b":{"0":[12,12],"1":[0,0],"2":[0,0],"3":[0,0],"4":[0,0],"5":[0,0],"6":[0,0],"7":[0,0],"8":[0,0],"9":[0,0],"10":[0,0,0],"11":[12,0],"12":[0,0],"13":[0,12],"14":[0,0],"15":[0,0],"16":[0,0],"17":[0,0],"18":[0,0],"19":[0,0],"20":[0,0],"21":[0,0],"22":[0,0],"23":[0,0],"24":[0,0],"25":[0,0],"26":[0,0],"27":[0,0],"28":[0,0]},"_coverageSchema":"1a1c01bbd47fc00a2c39e90264f33305004495a9","hash":"cf75db94324d9ca4b63a1a40257e478755ff47dd"}
,"C:\\laragon\\www\\TheBrowserShield\\config\\database.js": {"path":"C:\\laragon\\www\\TheBrowserShield\\config\\database.js","statementMap":{"0":{"start":{"line":6,"column":17},"end":{"line":6,"column":42}},"1":{"start":{"line":7,"column":13},"end":{"line":7,"column":28}},"2":{"start":{"line":8,"column":11},"end":{"line":8,"column":24}},"3":{"start":{"line":9,"column":15},"end":{"line":9,"column":41}},"4":{"start":{"line":11,"column":16},"end":{"line":11,"column":64}},"5":{"start":{"line":12,"column":17},"end":{"line":12,"column":38}},"6":{"start":{"line":14,"column":9},"end":{"line":14,"column":13}},"7":{"start":{"line":20,"column":4},"end":{"line":20,"column":22}},"8":{"start":{"line":20,"column":12},"end":{"line":20,"column":22}},"9":{"start":{"line":23,"column":4},"end":{"line":25,"column":5}},"10":{"start":{"line":24,"column":8},"end":{"line":24,"column":52}},"11":{"start":{"line":27,"column":4},"end":{"line":27,"column":31}},"12":{"start":{"line":30,"column":4},"end":{"line":30,"column":35}},"13":{"start":{"line":33,"column":4},"end":{"line":33,"column":23}},"14":{"start":{"line":35,"column":4},"end":{"line":35,"column":59}},"15":{"start":{"line":36,"column":4},"end":{"line":36,"column":14}},"16":{"start":{"line":44,"column":4},"end":{"line":56,"column":7}},"17":{"start":{"line":59,"column":4},"end":{"line":75,"column":7}},"18":{"start":{"line":78,"column":4},"end":{"line":89,"column":7}},"19":{"start":{"line":92,"column":4},"end":{"line":102,"column":7}},"20":{"start":{"line":105,"column":4},"end":{"line":110,"column":7}},"21":{"start":{"line":117,"column":4},"end":{"line":119,"column":5}},"22":{"start":{"line":118,"column":8},"end":{"line":118,"column":23}},"23":{"start":{"line":120,"column":4},"end":{"line":120,"column":14}},"24":{"start":{"line":127,"column":4},"end":{"line":131,"column":5}},"25":{"start":{"line":128,"column":8},"end":{"line":128,"column":19}},"26":{"start":{"line":129,"column":8},"end":{"line":129,"column":18}},"27":{"start":{"line":130,"column":8},"end":{"line":130,"column":50}},"28":{"start":{"line":138,"column":25},"end":{"line":138,"column":61}},"29":{"start":{"line":139,"column":26},"end":{"line":139,"column":64}},"30":{"start":{"line":141,"column":15},"end":{"line":141,"column":28}},"31":{"start":{"line":142,"column":20},"end":{"line":142,"column":47}},"32":{"start":{"line":145,"column":4},"end":{"line":171,"column":5}},"33":{"start":{"line":146,"column":8},"end":{"line":170,"column":9}},"34":{"start":{"line":147,"column":29},"end":{"line":147,"column":78}},"35":{"start":{"line":148,"column":25},"end":{"line":151,"column":14}},"36":{"start":{"line":153,"column":12},"end":{"line":166,"column":13}},"37":{"start":{"line":154,"column":16},"end":{"line":164,"column":18}},"38":{"start":{"line":165,"column":16},"end":{"line":165,"column":35}},"39":{"start":{"line":167,"column":12},"end":{"line":167,"column":75}},"40":{"start":{"line":169,"column":12},"end":{"line":169,"column":63}},"41":{"start":{"line":174,"column":4},"end":{"line":201,"column":5}},"42":{"start":{"line":175,"column":8},"end":{"line":200,"column":9}},"43":{"start":{"line":176,"column":28},"end":{"line":176,"column":78}},"44":{"start":{"line":177,"column":25},"end":{"line":180,"column":14}},"45":{"start":{"line":182,"column":12},"end":{"line":196,"column":13}},"46":{"start":{"line":183,"column":16},"end":{"line":194,"column":18}},"47":{"start":{"line":195,"column":16},"end":{"line":195,"column":34}},"48":{"start":{"line":197,"column":12},"end":{"line":197,"column":73}},"49":{"start":{"line":199,"column":12},"end":{"line":199,"column":62}},"50":{"start":{"line":203,"column":4},"end":{"line":203,"column":19}},"51":{"start":{"line":210,"column":15},"end":{"line":210,"column":28}},"52":{"start":{"line":212,"column":18},"end":{"line":219,"column":5}},"53":{"start":{"line":221,"column":4},"end":{"line":221,"column":17}},"54":{"start":{"line":224,"column":0},"end":{"line":232,"column":2}}},"fnMap":{"0":{"name":"initDatabase","decl":{"start":{"line":19,"column":9},"end":{"line":19,"column":21}},"loc":{"start":{"line":19,"column":24},"end":{"line":37,"column":1}},"line":19},"1":{"name":"initializeTables","decl":{"start":{"line":42,"column":9},"end":{"line":42,"column":25}},"loc":{"start":{"line":42,"column":28},"end":{"line":111,"column":1}},"line":42},"2":{"name":"getDatabase","decl":{"start":{"line":116,"column":9},"end":{"line":116,"column":20}},"loc":{"start":{"line":116,"column":23},"end":{"line":121,"column":1}},"line":116},"3":{"name":"closeDatabase","decl":{"start":{"line":126,"column":9},"end":{"line":126,"column":22}},"loc":{"start":{"line":126,"column":25},"end":{"line":132,"column":1}},"line":126},"4":{"name":"migrateFromJSON","decl":{"start":{"line":137,"column":15},"end":{"line":137,"column":30}},"loc":{"start":{"line":137,"column":33},"end":{"line":204,"column":1}},"line":137},"5":{"name":"getDatabaseStats","decl":{"start":{"line":209,"column":9},"end":{"line":209,"column":25}},"loc":{"start":{"line":209,"column":28},"end":{"line":222,"column":1}},"line":209}},"branchMap":{"0":{"loc":{"start":{"line":20,"column":4},"end":{"line":20,"column":22}},"type":"if","locations":[{"start":{"line":20,"column":4},"end":{"line":20,"column":22}},{"start":{},"end":{}}],"line":20},"1":{"loc":{"start":{"line":23,"column":4},"end":{"line":25,"column":5}},"type":"if","locations":[{"start":{"line":23,"column":4},"end":{"line":25,"column":5}},{"start":{},"end":{}}],"line":23},"2":{"loc":{"start":{"line":117,"column":4},"end":{"line":119,"column":5}},"type":"if","locations":[{"start":{"line":117,"column":4},"end":{"line":119,"column":5}},{"start":{},"end":{}}],"line":117},"3":{"loc":{"start":{"line":127,"column":4},"end":{"line":131,"column":5}},"type":"if","locations":[{"start":{"line":127,"column":4},"end":{"line":131,"column":5}},{"start":{},"end":{}}],"line":127},"4":{"loc":{"start":{"line":145,"column":4},"end":{"line":171,"column":5}},"type":"if","locations":[{"start":{"line":145,"column":4},"end":{"line":171,"column":5}},{"start":{},"end":{}}],"line":145},"5":{"loc":{"start":{"line":157,"column":20},"end":{"line":157,"column":43}},"type":"binary-expr","locations":[{"start":{"line":157,"column":20},"end":{"line":157,"column":37}},{"start":{"line":157,"column":41},"end":{"line":157,"column":43}}],"line":157},"6":{"loc":{"start":{"line":158,"column":20},"end":{"line":158,"column":58}},"type":"binary-expr","locations":[{"start":{"line":158,"column":20},"end":{"line":158,"column":36}},{"start":{"line":158,"column":40},"end":{"line":158,"column":58}}],"line":158},"7":{"loc":{"start":{"line":159,"column":35},"end":{"line":159,"column":84}},"type":"binary-expr","locations":[{"start":{"line":159,"column":35},"end":{"line":159,"column":51}},{"start":{"line":159,"column":55},"end":{"line":159,"column":84}}],"line":159},"8":{"loc":{"start":{"line":160,"column":35},"end":{"line":160,"column":56}},"type":"binary-expr","locations":[{"start":{"line":160,"column":35},"end":{"line":160,"column":48}},{"start":{"line":160,"column":52},"end":{"line":160,"column":56}}],"line":160},"9":{"loc":{"start":{"line":161,"column":20},"end":{"line":161,"column":62}},"type":"cond-expr","locations":[{"start":{"line":161,"column":57},"end":{"line":161,"column":58}},{"start":{"line":161,"column":61},"end":{"line":161,"column":62}}],"line":161},"10":{"loc":{"start":{"line":162,"column":20},"end":{"line":162,"column":65}},"type":"binary-expr","locations":[{"start":{"line":162,"column":20},"end":{"line":162,"column":37}},{"start":{"line":162,"column":41},"end":{"line":162,"column":65}}],"line":162},"11":{"loc":{"start":{"line":163,"column":20},"end":{"line":163,"column":65}},"type":"binary-expr","locations":[{"start":{"line":163,"column":20},"end":{"line":163,"column":37}},{"start":{"line":163,"column":41},"end":{"line":163,"column":65}}],"line":163},"12":{"loc":{"start":{"line":174,"column":4},"end":{"line":201,"column":5}},"type":"if","locations":[{"start":{"line":174,"column":4},"end":{"line":201,"column":5}},{"start":{},"end":{}}],"line":174},"13":{"loc":{"start":{"line":187,"column":20},"end":{"line":187,"column":40}},"type":"binary-expr","locations":[{"start":{"line":187,"column":20},"end":{"line":187,"column":30}},{"start":{"line":187,"column":34},"end":{"line":187,"column":40}}],"line":187},"14":{"loc":{"start":{"line":188,"column":20},"end":{"line":188,"column":41}},"type":"binary-expr","locations":[{"start":{"line":188,"column":20},"end":{"line":188,"column":33}},{"start":{"line":188,"column":37},"end":{"line":188,"column":41}}],"line":188},"15":{"loc":{"start":{"line":189,"column":20},"end":{"line":189,"column":42}},"type":"binary-expr","locations":[{"start":{"line":189,"column":20},"end":{"line":189,"column":34}},{"start":{"line":189,"column":38},"end":{"line":189,"column":42}}],"line":189},"16":{"loc":{"start":{"line":190,"column":20},"end":{"line":190,"column":42}},"type":"binary-expr","locations":[{"start":{"line":190,"column":20},"end":{"line":190,"column":34}},{"start":{"line":190,"column":38},"end":{"line":190,"column":42}}],"line":190},"17":{"loc":{"start":{"line":191,"column":20},"end":{"line":191,"column":42}},"type":"binary-expr","locations":[{"start":{"line":191,"column":20},"end":{"line":191,"column":34}},{"start":{"line":191,"column":38},"end":{"line":191,"column":42}}],"line":191},"18":{"loc":{"start":{"line":192,"column":20},"end":{"line":192,"column":41}},"type":"binary-expr","locations":[{"start":{"line":192,"column":20},"end":{"line":192,"column":36}},{"start":{"line":192,"column":40},"end":{"line":192,"column":41}}],"line":192},"19":{"loc":{"start":{"line":193,"column":20},"end":{"line":193,"column":50}},"type":"cond-expr","locations":[{"start":{"line":193,"column":45},"end":{"line":193,"column":46}},{"start":{"line":193,"column":49},"end":{"line":193,"column":50}}],"line":193},"20":{"loc":{"start":{"line":218,"column":22},"end":{"line":218,"column":76}},"type":"cond-expr","locations":[{"start":{"line":218,"column":47},"end":{"line":218,"column":72}},{"start":{"line":218,"column":75},"end":{"line":218,"column":76}}],"line":218}},"s":{"0":2,"1":2,"2":2,"3":2,"4":2,"5":2,"6":2,"7":2,"8":0,"9":2,"10":0,"11":2,"12":2,"13":2,"14":2,"15":2,"16":2,"17":2,"18":2,"19":2,"20":2,"21":2,"22":2,"23":2,"24":0,"25":0,"26":0,"27":0,"28":0,"29":0,"30":0,"31":0,"32":0,"33":0,"34":0,"35":0,"36":0,"37":0,"38":0,"39":0,"40":0,"41":0,"42":0,"43":0,"44":0,"45":0,"46":0,"47":0,"48":0,"49":0,"50":0,"51":0,"52":0,"53":0,"54":2},"f":{"0":2,"1":2,"2":2,"3":0,"4":0,"5":0},"b":{"0":[0,2],"1":[0,2],"2":[2,0],"3":[0,0],"4":[0,0],"5":[0,0],"6":[0,0],"7":[0,0],"8":[0,0],"9":[0,0],"10":[0,0],"11":[0,0],"12":[0,0],"13":[0,0],"14":[0,0],"15":[0,0],"16":[0,0],"17":[0,0],"18":[0,0],"19":[0,0],"20":[0,0]},"_coverageSchema":"1a1c01bbd47fc00a2c39e90264f33305004495a9","hash":"115b3c6bde4f08efbe41e0ecd9ccf834d832ffc0"}
,"C:\\laragon\\www\\TheBrowserShield\\config\\firefox-puppeteer-simple.js": {"path":"C:\\laragon\\www\\TheBrowserShield\\config\\firefox-puppeteer-simple.js","statementMap":{"0":{"start":{"line":1,"column":23},"end":{"line":1,"column":49}},"1":{"start":{"line":2,"column":22},"end":{"line":2,"column":63}},"2":{"start":{"line":5,"column":0},"end":{"line":5,"column":36}},"3":{"start":{"line":9,"column":15},"end":{"line":9,"column":28}},"4":{"start":{"line":10,"column":21},"end":{"line":10,"column":34}},"5":{"start":{"line":13,"column":24},"end":{"line":29,"column":5}},"6":{"start":{"line":31,"column":15},"end":{"line":31,"column":28}},"7":{"start":{"line":32,"column":18},"end":{"line":32,"column":60}},"8":{"start":{"line":34,"column":4},"end":{"line":38,"column":5}},"9":{"start":{"line":35,"column":8},"end":{"line":37,"column":9}},"10":{"start":{"line":36,"column":12},"end":{"line":36,"column":24}},"11":{"start":{"line":40,"column":4},"end":{"line":40,"column":16}},"12":{"start":{"line":51,"column":4},"end":{"line":97,"column":5}},"13":{"start":{"line":53,"column":25},"end":{"line":53,"column":77}},"14":{"start":{"line":55,"column":30},"end":{"line":68,"column":9}},"15":{"start":{"line":71,"column":8},"end":{"line":73,"column":9}},"16":{"start":{"line":72,"column":12},"end":{"line":72,"column":57}},"17":{"start":{"line":76,"column":31},"end":{"line":76,"column":56}},"18":{"start":{"line":77,"column":8},"end":{"line":79,"column":9}},"19":{"start":{"line":78,"column":12},"end":{"line":78,"column":58}},"20":{"start":{"line":82,"column":8},"end":{"line":84,"column":9}},"21":{"start":{"line":83,"column":12},"end":{"line":83,"column":98}},"22":{"start":{"line":86,"column":24},"end":{"line":86,"column":66}},"23":{"start":{"line":87,"column":21},"end":{"line":87,"column":44}},"24":{"start":{"line":90,"column":8},"end":{"line":90,"column":57}},"25":{"start":{"line":91,"column":8},"end":{"line":91,"column":51}},"26":{"start":{"line":93,"column":8},"end":{"line":93,"column":33}},"27":{"start":{"line":95,"column":8},"end":{"line":95,"column":64}},"28":{"start":{"line":96,"column":8},"end":{"line":96,"column":78}},"29":{"start":{"line":105,"column":22},"end":{"line":106,"column":90}},"30":{"start":{"line":108,"column":4},"end":{"line":108,"column":39}},"31":{"start":{"line":111,"column":4},"end":{"line":116,"column":5}},"32":{"start":{"line":112,"column":8},"end":{"line":115,"column":11}},"33":{"start":{"line":119,"column":4},"end":{"line":121,"column":5}},"34":{"start":{"line":120,"column":8},"end":{"line":120,"column":53}},"35":{"start":{"line":129,"column":4},"end":{"line":162,"column":7}},"36":{"start":{"line":131,"column":8},"end":{"line":133,"column":11}},"37":{"start":{"line":132,"column":23},"end":{"line":132,"column":105}},"38":{"start":{"line":135,"column":8},"end":{"line":137,"column":11}},"39":{"start":{"line":136,"column":23},"end":{"line":136,"column":33}},"40":{"start":{"line":139,"column":8},"end":{"line":141,"column":11}},"41":{"start":{"line":140,"column":23},"end":{"line":140,"column":38}},"42":{"start":{"line":143,"column":8},"end":{"line":145,"column":11}},"43":{"start":{"line":144,"column":23},"end":{"line":144,"column":30}},"44":{"start":{"line":147,"column":8},"end":{"line":149,"column":11}},"45":{"start":{"line":148,"column":23},"end":{"line":148,"column":25}},"46":{"start":{"line":152,"column":29},"end":{"line":152,"column":73}},"47":{"start":{"line":153,"column":8},"end":{"line":161,"column":10}},"48":{"start":{"line":154,"column":12},"end":{"line":156,"column":13}},"49":{"start":{"line":155,"column":16},"end":{"line":155,"column":33}},"50":{"start":{"line":157,"column":12},"end":{"line":159,"column":13}},"51":{"start":{"line":158,"column":16},"end":{"line":158,"column":41}},"52":{"start":{"line":160,"column":12},"end":{"line":160,"column":55}},"53":{"start":{"line":165,"column":0},"end":{"line":169,"column":2}}},"fnMap":{"0":{"name":"getChromeExecutablePath","decl":{"start":{"line":8,"column":9},"end":{"line":8,"column":32}},"loc":{"start":{"line":8,"column":35},"end":{"line":41,"column":1}},"line":8},"1":{"name":"createFirefoxBrowserWithProfile","decl":{"start":{"line":50,"column":15},"end":{"line":50,"column":46}},"loc":{"start":{"line":50,"column":70},"end":{"line":98,"column":1}},"line":50},"2":{"name":"applyFirefoxProfileSettings","decl":{"start":{"line":103,"column":15},"end":{"line":103,"column":42}},"loc":{"start":{"line":103,"column":58},"end":{"line":122,"column":1}},"line":103},"3":{"name":"applyFirefoxSpoofingTechniques","decl":{"start":{"line":127,"column":15},"end":{"line":127,"column":45}},"loc":{"start":{"line":127,"column":52},"end":{"line":163,"column":1}},"line":127},"4":{"name":"(anonymous_4)","decl":{"start":{"line":129,"column":37},"end":{"line":129,"column":38}},"loc":{"start":{"line":129,"column":43},"end":{"line":162,"column":5}},"line":129},"5":{"name":"(anonymous_5)","decl":{"start":{"line":132,"column":17},"end":{"line":132,"column":18}},"loc":{"start":{"line":132,"column":23},"end":{"line":132,"column":105}},"line":132},"6":{"name":"(anonymous_6)","decl":{"start":{"line":136,"column":17},"end":{"line":136,"column":18}},"loc":{"start":{"line":136,"column":23},"end":{"line":136,"column":33}},"line":136},"7":{"name":"(anonymous_7)","decl":{"start":{"line":140,"column":17},"end":{"line":140,"column":18}},"loc":{"start":{"line":140,"column":23},"end":{"line":140,"column":38}},"line":140},"8":{"name":"(anonymous_8)","decl":{"start":{"line":144,"column":17},"end":{"line":144,"column":18}},"loc":{"start":{"line":144,"column":23},"end":{"line":144,"column":30}},"line":144},"9":{"name":"(anonymous_9)","decl":{"start":{"line":148,"column":17},"end":{"line":148,"column":18}},"loc":{"start":{"line":148,"column":23},"end":{"line":148,"column":25}},"line":148},"10":{"name":"(anonymous_10)","decl":{"start":{"line":153,"column":55},"end":{"line":153,"column":56}},"loc":{"start":{"line":153,"column":75},"end":{"line":161,"column":9}},"line":153}},"branchMap":{"0":{"loc":{"start":{"line":32,"column":18},"end":{"line":32,"column":60}},"type":"binary-expr","locations":[{"start":{"line":32,"column":18},"end":{"line":32,"column":39}},{"start":{"line":32,"column":43},"end":{"line":32,"column":60}}],"line":32},"1":{"loc":{"start":{"line":35,"column":8},"end":{"line":37,"column":9}},"type":"if","locations":[{"start":{"line":35,"column":8},"end":{"line":37,"column":9}},{"start":{},"end":{}}],"line":35},"2":{"loc":{"start":{"line":50,"column":56},"end":{"line":50,"column":68}},"type":"default-arg","locations":[{"start":{"line":50,"column":66},"end":{"line":50,"column":68}}],"line":50},"3":{"loc":{"start":{"line":53,"column":25},"end":{"line":53,"column":77}},"type":"binary-expr","locations":[{"start":{"line":53,"column":25},"end":{"line":53,"column":41}},{"start":{"line":53,"column":45},"end":{"line":53,"column":68}},{"start":{"line":53,"column":72},"end":{"line":53,"column":77}}],"line":53},"4":{"loc":{"start":{"line":71,"column":8},"end":{"line":73,"column":9}},"type":"if","locations":[{"start":{"line":71,"column":8},"end":{"line":73,"column":9}},{"start":{},"end":{}}],"line":71},"5":{"loc":{"start":{"line":77,"column":8},"end":{"line":79,"column":9}},"type":"if","locations":[{"start":{"line":77,"column":8},"end":{"line":79,"column":9}},{"start":{},"end":{}}],"line":77},"6":{"loc":{"start":{"line":82,"column":8},"end":{"line":84,"column":9}},"type":"if","locations":[{"start":{"line":82,"column":8},"end":{"line":84,"column":9}},{"start":{},"end":{}}],"line":82},"7":{"loc":{"start":{"line":82,"column":12},"end":{"line":82,"column":69}},"type":"binary-expr","locations":[{"start":{"line":82,"column":12},"end":{"line":82,"column":25}},{"start":{"line":82,"column":29},"end":{"line":82,"column":47}},{"start":{"line":82,"column":51},"end":{"line":82,"column":69}}],"line":82},"8":{"loc":{"start":{"line":105,"column":22},"end":{"line":106,"column":90}},"type":"binary-expr","locations":[{"start":{"line":105,"column":22},"end":{"line":105,"column":39}},{"start":{"line":106,"column":8},"end":{"line":106,"column":90}}],"line":105},"9":{"loc":{"start":{"line":111,"column":4},"end":{"line":116,"column":5}},"type":"if","locations":[{"start":{"line":111,"column":4},"end":{"line":116,"column":5}},{"start":{},"end":{}}],"line":111},"10":{"loc":{"start":{"line":113,"column":19},"end":{"line":113,"column":49}},"type":"binary-expr","locations":[{"start":{"line":113,"column":19},"end":{"line":113,"column":41}},{"start":{"line":113,"column":45},"end":{"line":113,"column":49}}],"line":113},"11":{"loc":{"start":{"line":114,"column":20},"end":{"line":114,"column":51}},"type":"binary-expr","locations":[{"start":{"line":114,"column":20},"end":{"line":114,"column":43}},{"start":{"line":114,"column":47},"end":{"line":114,"column":51}}],"line":114},"12":{"loc":{"start":{"line":119,"column":4},"end":{"line":121,"column":5}},"type":"if","locations":[{"start":{"line":119,"column":4},"end":{"line":121,"column":5}},{"start":{},"end":{}}],"line":119},"13":{"loc":{"start":{"line":154,"column":12},"end":{"line":156,"column":13}},"type":"if","locations":[{"start":{"line":154,"column":12},"end":{"line":156,"column":13}},{"start":{},"end":{}}],"line":154},"14":{"loc":{"start":{"line":157,"column":12},"end":{"line":159,"column":13}},"type":"if","locations":[{"start":{"line":157,"column":12},"end":{"line":159,"column":13}},{"start":{},"end":{}}],"line":157}},"s":{"0":0,"1":0,"2":0,"3":0,"4":0,"5":0,"6":0,"7":0,"8":0,"9":0,"10":0,"11":0,"12":0,"13":0,"14":0,"15":0,"16":0,"17":0,"18":0,"19":0,"20":0,"21":0,"22":0,"23":0,"24":0,"25":0,"26":0,"27":0,"28":0,"29":0,"30":0,"31":0,"32":0,"33":0,"34":0,"35":0,"36":0,"37":0,"38":0,"39":0,"40":0,"41":0,"42":0,"43":0,"44":0,"45":0,"46":0,"47":0,"48":0,"49":0,"50":0,"51":0,"52":0,"53":0},"f":{"0":0,"1":0,"2":0,"3":0,"4":0,"5":0,"6":0,"7":0,"8":0,"9":0,"10":0},"b":{"0":[0,0],"1":[0,0],"2":[0],"3":[0,0,0],"4":[0,0],"5":[0,0],"6":[0,0],"7":[0,0,0],"8":[0,0],"9":[0,0],"10":[0,0],"11":[0,0],"12":[0,0],"13":[0,0],"14":[0,0]}}
,"C:\\laragon\\www\\TheBrowserShield\\config\\mode-switcher.js": {"path":"C:\\laragon\\www\\TheBrowserShield\\config\\mode-switcher.js","statementMap":{"0":{"start":{"line":8,"column":11},"end":{"line":8,"column":24}},"1":{"start":{"line":9,"column":13},"end":{"line":9,"column":28}},"2":{"start":{"line":10,"column":24},"end":{"line":10,"column":60}},"3":{"start":{"line":14,"column":8},"end":{"line":14,"column":75}},"4":{"start":{"line":15,"column":8},"end":{"line":15,"column":50}},"5":{"start":{"line":16,"column":8},"end":{"line":16,"column":41}},"6":{"start":{"line":17,"column":8},"end":{"line":17,"column":51}},"7":{"start":{"line":20,"column":8},"end":{"line":20,"column":34}},"8":{"start":{"line":21,"column":8},"end":{"line":21,"column":35}},"9":{"start":{"line":28,"column":8},"end":{"line":35,"column":9}},"10":{"start":{"line":29,"column":12},"end":{"line":32,"column":13}},"11":{"start":{"line":30,"column":31},"end":{"line":30,"column":83}},"12":{"start":{"line":31,"column":16},"end":{"line":31,"column":45}},"13":{"start":{"line":34,"column":12},"end":{"line":34,"column":86}},"14":{"start":{"line":36,"column":8},"end":{"line":36,"column":22}},"15":{"start":{"line":43,"column":8},"end":{"line":62,"column":9}},"16":{"start":{"line":44,"column":27},"end":{"line":48,"column":13}},"17":{"start":{"line":51,"column":28},"end":{"line":51,"column":57}},"18":{"start":{"line":52,"column":12},"end":{"line":54,"column":13}},"19":{"start":{"line":53,"column":16},"end":{"line":53,"column":59}},"20":{"start":{"line":56,"column":12},"end":{"line":56,"column":79}},"21":{"start":{"line":57,"column":12},"end":{"line":57,"column":36}},"22":{"start":{"line":58,"column":12},"end":{"line":58,"column":24}},"23":{"start":{"line":60,"column":12},"end":{"line":60,"column":72}},"24":{"start":{"line":61,"column":12},"end":{"line":61,"column":25}},"25":{"start":{"line":70,"column":29},"end":{"line":70,"column":51}},"26":{"start":{"line":71,"column":30},"end":{"line":71,"column":53}},"27":{"start":{"line":73,"column":8},"end":{"line":108,"column":10}},"28":{"start":{"line":118,"column":8},"end":{"line":120,"column":9}},"29":{"start":{"line":119,"column":12},"end":{"line":119,"column":38}},"30":{"start":{"line":123,"column":27},"end":{"line":123,"column":57}},"31":{"start":{"line":124,"column":25},"end":{"line":124,"column":53}},"32":{"start":{"line":125,"column":30},"end":{"line":125,"column":72}},"33":{"start":{"line":127,"column":8},"end":{"line":162,"column":9}},"34":{"start":{"line":128,"column":12},"end":{"line":134,"column":14}},"35":{"start":{"line":135,"column":15},"end":{"line":162,"column":9}},"36":{"start":{"line":137,"column":12},"end":{"line":143,"column":14}},"37":{"start":{"line":144,"column":15},"end":{"line":162,"column":9}},"38":{"start":{"line":146,"column":12},"end":{"line":152,"column":14}},"39":{"start":{"line":155,"column":12},"end":{"line":161,"column":14}},"40":{"start":{"line":164,"column":8},"end":{"line":164,"column":34}},"41":{"start":{"line":174,"column":8},"end":{"line":177,"column":9}},"42":{"start":{"line":175,"column":12},"end":{"line":176,"column":95}},"43":{"start":{"line":178,"column":8},"end":{"line":179,"column":105}},"44":{"start":{"line":189,"column":8},"end":{"line":195,"column":9}},"45":{"start":{"line":190,"column":12},"end":{"line":194,"column":79}},"46":{"start":{"line":196,"column":8},"end":{"line":200,"column":75}},"47":{"start":{"line":210,"column":8},"end":{"line":212,"column":9}},"48":{"start":{"line":211,"column":12},"end":{"line":211,"column":39}},"49":{"start":{"line":215,"column":28},"end":{"line":215,"column":59}},"50":{"start":{"line":217,"column":8},"end":{"line":234,"column":9}},"51":{"start":{"line":218,"column":12},"end":{"line":224,"column":14}},"52":{"start":{"line":227,"column":12},"end":{"line":233,"column":14}},"53":{"start":{"line":236,"column":8},"end":{"line":236,"column":35}},"54":{"start":{"line":246,"column":8},"end":{"line":249,"column":9}},"55":{"start":{"line":247,"column":12},"end":{"line":248,"column":90}},"56":{"start":{"line":250,"column":8},"end":{"line":251,"column":67}},"57":{"start":{"line":261,"column":8},"end":{"line":267,"column":9}},"58":{"start":{"line":262,"column":12},"end":{"line":266,"column":75}},"59":{"start":{"line":268,"column":8},"end":{"line":271,"column":71}},"60":{"start":{"line":282,"column":8},"end":{"line":282,"column":48}},"61":{"start":{"line":293,"column":8},"end":{"line":293,"column":49}},"62":{"start":{"line":300,"column":8},"end":{"line":300,"column":34}},"63":{"start":{"line":301,"column":8},"end":{"line":301,"column":35}},"64":{"start":{"line":302,"column":8},"end":{"line":302,"column":37}},"65":{"start":{"line":312,"column":8},"end":{"line":318,"column":10}},"66":{"start":{"line":325,"column":22},"end":{"line":325,"column":46}},"67":{"start":{"line":326,"column":8},"end":{"line":326,"column":55}},"68":{"start":{"line":333,"column":31},"end":{"line":333,"column":55}},"69":{"start":{"line":335,"column":8},"end":{"line":340,"column":9}},"70":{"start":{"line":336,"column":12},"end":{"line":339,"column":14}},"71":{"start":{"line":342,"column":8},"end":{"line":347,"column":9}},"72":{"start":{"line":343,"column":12},"end":{"line":346,"column":14}},"73":{"start":{"line":349,"column":29},"end":{"line":349,"column":45}},"74":{"start":{"line":351,"column":8},"end":{"line":364,"column":9}},"75":{"start":{"line":352,"column":12},"end":{"line":358,"column":14}},"76":{"start":{"line":360,"column":12},"end":{"line":363,"column":14}},"77":{"start":{"line":371,"column":22},"end":{"line":371,"column":46}},"78":{"start":{"line":372,"column":8},"end":{"line":376,"column":10}},"79":{"start":{"line":383,"column":8},"end":{"line":391,"column":9}},"80":{"start":{"line":385,"column":16},"end":{"line":385,"column":61}},"81":{"start":{"line":387,"column":16},"end":{"line":387,"column":68}},"82":{"start":{"line":390,"column":16},"end":{"line":390,"column":65}},"83":{"start":{"line":398,"column":8},"end":{"line":431,"column":9}},"84":{"start":{"line":400,"column":16},"end":{"line":414,"column":18}},"85":{"start":{"line":416,"column":16},"end":{"line":421,"column":18}},"86":{"start":{"line":424,"column":16},"end":{"line":430,"column":18}},"87":{"start":{"line":435,"column":0},"end":{"line":435,"column":30}}},"fnMap":{"0":{"name":"(anonymous_0)","decl":{"start":{"line":13,"column":4},"end":{"line":13,"column":5}},"loc":{"start":{"line":13,"column":18},"end":{"line":22,"column":5}},"line":13},"1":{"name":"(anonymous_1)","decl":{"start":{"line":27,"column":4},"end":{"line":27,"column":5}},"loc":{"start":{"line":27,"column":22},"end":{"line":37,"column":5}},"line":27},"2":{"name":"(anonymous_2)","decl":{"start":{"line":42,"column":4},"end":{"line":42,"column":5}},"loc":{"start":{"line":42,"column":26},"end":{"line":63,"column":5}},"line":42},"3":{"name":"(anonymous_3)","decl":{"start":{"line":69,"column":4},"end":{"line":69,"column":5}},"loc":{"start":{"line":69,"column":24},"end":{"line":109,"column":5}},"line":69},"4":{"name":"(anonymous_4)","decl":{"start":{"line":117,"column":4},"end":{"line":117,"column":5}},"loc":{"start":{"line":117,"column":22},"end":{"line":165,"column":5}},"line":117},"5":{"name":"(anonymous_5)","decl":{"start":{"line":173,"column":4},"end":{"line":173,"column":5}},"loc":{"start":{"line":173,"column":37},"end":{"line":180,"column":5}},"line":173},"6":{"name":"(anonymous_6)","decl":{"start":{"line":188,"column":4},"end":{"line":188,"column":5}},"loc":{"start":{"line":188,"column":35},"end":{"line":201,"column":5}},"line":188},"7":{"name":"(anonymous_7)","decl":{"start":{"line":209,"column":4},"end":{"line":209,"column":5}},"loc":{"start":{"line":209,"column":23},"end":{"line":237,"column":5}},"line":209},"8":{"name":"(anonymous_8)","decl":{"start":{"line":245,"column":4},"end":{"line":245,"column":5}},"loc":{"start":{"line":245,"column":38},"end":{"line":252,"column":5}},"line":245},"9":{"name":"(anonymous_9)","decl":{"start":{"line":260,"column":4},"end":{"line":260,"column":5}},"loc":{"start":{"line":260,"column":36},"end":{"line":272,"column":5}},"line":260},"10":{"name":"(anonymous_10)","decl":{"start":{"line":281,"column":4},"end":{"line":281,"column":5}},"loc":{"start":{"line":281,"column":30},"end":{"line":283,"column":5}},"line":281},"11":{"name":"(anonymous_11)","decl":{"start":{"line":292,"column":4},"end":{"line":292,"column":5}},"loc":{"start":{"line":292,"column":31},"end":{"line":294,"column":5}},"line":292},"12":{"name":"(anonymous_12)","decl":{"start":{"line":299,"column":4},"end":{"line":299,"column":5}},"loc":{"start":{"line":299,"column":24},"end":{"line":303,"column":5}},"line":299},"13":{"name":"(anonymous_13)","decl":{"start":{"line":311,"column":4},"end":{"line":311,"column":5}},"loc":{"start":{"line":311,"column":32},"end":{"line":319,"column":5}},"line":311},"14":{"name":"(anonymous_14)","decl":{"start":{"line":324,"column":4},"end":{"line":324,"column":5}},"loc":{"start":{"line":324,"column":30},"end":{"line":327,"column":5}},"line":324},"15":{"name":"(anonymous_15)","decl":{"start":{"line":332,"column":4},"end":{"line":332,"column":5}},"loc":{"start":{"line":332,"column":24},"end":{"line":365,"column":5}},"line":332},"16":{"name":"(anonymous_16)","decl":{"start":{"line":370,"column":4},"end":{"line":370,"column":5}},"loc":{"start":{"line":370,"column":25},"end":{"line":377,"column":5}},"line":370},"17":{"name":"(anonymous_17)","decl":{"start":{"line":382,"column":4},"end":{"line":382,"column":5}},"loc":{"start":{"line":382,"column":29},"end":{"line":392,"column":5}},"line":382},"18":{"name":"(anonymous_18)","decl":{"start":{"line":397,"column":4},"end":{"line":397,"column":5}},"loc":{"start":{"line":397,"column":20},"end":{"line":432,"column":5}},"line":397}},"branchMap":{"0":{"loc":{"start":{"line":29,"column":12},"end":{"line":32,"column":13}},"type":"if","locations":[{"start":{"line":29,"column":12},"end":{"line":32,"column":13}},{"start":{},"end":{}}],"line":29},"1":{"loc":{"start":{"line":31,"column":23},"end":{"line":31,"column":44}},"type":"binary-expr","locations":[{"start":{"line":31,"column":23},"end":{"line":31,"column":34}},{"start":{"line":31,"column":38},"end":{"line":31,"column":44}}],"line":31},"2":{"loc":{"start":{"line":52,"column":12},"end":{"line":54,"column":13}},"type":"if","locations":[{"start":{"line":52,"column":12},"end":{"line":54,"column":13}},{"start":{},"end":{}}],"line":52},"3":{"loc":{"start":{"line":93,"column":38},"end":{"line":93,"column":89}},"type":"cond-expr","locations":[{"start":{"line":93,"column":63},"end":{"line":93,"column":67}},{"start":{"line":93,"column":70},"end":{"line":93,"column":89}}],"line":93},"4":{"loc":{"start":{"line":94,"column":29},"end":{"line":94,"column":85}},"type":"cond-expr","locations":[{"start":{"line":94,"column":54},"end":{"line":94,"column":58}},{"start":{"line":94,"column":61},"end":{"line":94,"column":85}}],"line":94},"5":{"loc":{"start":{"line":105,"column":38},"end":{"line":105,"column":91}},"type":"cond-expr","locations":[{"start":{"line":105,"column":64},"end":{"line":105,"column":68}},{"start":{"line":105,"column":71},"end":{"line":105,"column":91}}],"line":105},"6":{"loc":{"start":{"line":106,"column":29},"end":{"line":106,"column":87}},"type":"cond-expr","locations":[{"start":{"line":106,"column":55},"end":{"line":106,"column":59}},{"start":{"line":106,"column":62},"end":{"line":106,"column":87}}],"line":106},"7":{"loc":{"start":{"line":118,"column":8},"end":{"line":120,"column":9}},"type":"if","locations":[{"start":{"line":118,"column":8},"end":{"line":120,"column":9}},{"start":{},"end":{}}],"line":118},"8":{"loc":{"start":{"line":127,"column":8},"end":{"line":162,"column":9}},"type":"if","locations":[{"start":{"line":127,"column":8},"end":{"line":162,"column":9}},{"start":{"line":135,"column":15},"end":{"line":162,"column":9}}],"line":127},"9":{"loc":{"start":{"line":135,"column":15},"end":{"line":162,"column":9}},"type":"if","locations":[{"start":{"line":135,"column":15},"end":{"line":162,"column":9}},{"start":{"line":144,"column":15},"end":{"line":162,"column":9}}],"line":135},"10":{"loc":{"start":{"line":144,"column":15},"end":{"line":162,"column":9}},"type":"if","locations":[{"start":{"line":144,"column":15},"end":{"line":162,"column":9}},{"start":{"line":153,"column":15},"end":{"line":162,"column":9}}],"line":144},"11":{"loc":{"start":{"line":174,"column":8},"end":{"line":177,"column":9}},"type":"if","locations":[{"start":{"line":174,"column":8},"end":{"line":177,"column":9}},{"start":{},"end":{}}],"line":174},"12":{"loc":{"start":{"line":189,"column":8},"end":{"line":195,"column":9}},"type":"if","locations":[{"start":{"line":189,"column":8},"end":{"line":195,"column":9}},{"start":{},"end":{}}],"line":189},"13":{"loc":{"start":{"line":210,"column":8},"end":{"line":212,"column":9}},"type":"if","locations":[{"start":{"line":210,"column":8},"end":{"line":212,"column":9}},{"start":{},"end":{}}],"line":210},"14":{"loc":{"start":{"line":217,"column":8},"end":{"line":234,"column":9}},"type":"if","locations":[{"start":{"line":217,"column":8},"end":{"line":234,"column":9}},{"start":{"line":225,"column":15},"end":{"line":234,"column":9}}],"line":217},"15":{"loc":{"start":{"line":246,"column":8},"end":{"line":249,"column":9}},"type":"if","locations":[{"start":{"line":246,"column":8},"end":{"line":249,"column":9}},{"start":{},"end":{}}],"line":246},"16":{"loc":{"start":{"line":261,"column":8},"end":{"line":267,"column":9}},"type":"if","locations":[{"start":{"line":261,"column":8},"end":{"line":267,"column":9}},{"start":{},"end":{}}],"line":261},"17":{"loc":{"start":{"line":326,"column":15},"end":{"line":326,"column":54}},"type":"cond-expr","locations":[{"start":{"line":326,"column":29},"end":{"line":326,"column":49}},{"start":{"line":326,"column":52},"end":{"line":326,"column":54}}],"line":326},"18":{"loc":{"start":{"line":335,"column":8},"end":{"line":340,"column":9}},"type":"if","locations":[{"start":{"line":335,"column":8},"end":{"line":340,"column":9}},{"start":{},"end":{}}],"line":335},"19":{"loc":{"start":{"line":342,"column":8},"end":{"line":347,"column":9}},"type":"if","locations":[{"start":{"line":342,"column":8},"end":{"line":347,"column":9}},{"start":{},"end":{}}],"line":342},"20":{"loc":{"start":{"line":351,"column":8},"end":{"line":364,"column":9}},"type":"if","locations":[{"start":{"line":351,"column":8},"end":{"line":364,"column":9}},{"start":{"line":359,"column":15},"end":{"line":364,"column":9}}],"line":351},"21":{"loc":{"start":{"line":383,"column":8},"end":{"line":391,"column":9}},"type":"switch","locations":[{"start":{"line":384,"column":12},"end":{"line":385,"column":61}},{"start":{"line":386,"column":12},"end":{"line":387,"column":68}},{"start":{"line":388,"column":12},"end":{"line":388,"column":24}},{"start":{"line":389,"column":12},"end":{"line":390,"column":65}}],"line":383},"22":{"loc":{"start":{"line":398,"column":8},"end":{"line":431,"column":9}},"type":"switch","locations":[{"start":{"line":399,"column":12},"end":{"line":414,"column":18}},{"start":{"line":415,"column":12},"end":{"line":421,"column":18}},{"start":{"line":422,"column":12},"end":{"line":422,"column":24}},{"start":{"line":423,"column":12},"end":{"line":430,"column":18}}],"line":398}},"s":{"0":2,"1":2,"2":2,"3":4,"4":4,"5":4,"6":4,"7":4,"8":4,"9":4,"10":4,"11":4,"12":4,"13":0,"14":0,"15":0,"16":0,"17":0,"18":0,"19":0,"20":0,"21":0,"22":0,"23":0,"24":0,"25":2,"26":2,"27":2,"28":2,"29":0,"30":2,"31":2,"32":2,"33":2,"34":2,"35":0,"36":0,"37":0,"38":0,"39":0,"40":2,"41":0,"42":0,"43":0,"44":0,"45":0,"46":0,"47":2,"48":0,"49":2,"50":2,"51":0,"52":2,"53":2,"54":2,"55":2,"56":0,"57":2,"58":2,"59":0,"60":0,"61":0,"62":0,"63":0,"64":0,"65":0,"66":0,"67":0,"68":0,"69":0,"70":0,"71":0,"72":0,"73":0,"74":0,"75":0,"76":0,"77":2,"78":2,"79":0,"80":0,"81":0,"82":0,"83":0,"84":0,"85":0,"86":0,"87":2},"f":{"0":4,"1":4,"2":0,"3":2,"4":2,"5":0,"6":0,"7":2,"8":2,"9":2,"10":0,"11":0,"12":0,"13":0,"14":0,"15":0,"16":2,"17":0,"18":0},"b":{"0":[4,0],"1":[4,0],"2":[0,0],"3":[2,0],"4":[2,0],"5":[0,2],"6":[0,2],"7":[0,2],"8":[2,0],"9":[0,0],"10":[0,0],"11":[0,0],"12":[0,0],"13":[0,2],"14":[0,2],"15":[2,0],"16":[2,0],"17":[0,0],"18":[0,0],"19":[0,0],"20":[0,0],"21":[0,0,0,0],"22":[0,0,0,0]},"_coverageSchema":"1a1c01bbd47fc00a2c39e90264f33305004495a9","hash":"af07142e0458be5ec8301f059fb96c63c39afbd6"}
,"C:\\laragon\\www\\TheBrowserShield\\config\\puppeteer.js": {"path":"C:\\laragon\\www\\TheBrowserShield\\config\\puppeteer.js","statementMap":{"0":{"start":{"line":1,"column":18},"end":{"line":1,"column":44}},"1":{"start":{"line":2,"column":22},"end":{"line":2,"column":63}},"2":{"start":{"line":3,"column":27},"end":{"line":3,"column":58}},"3":{"start":{"line":4,"column":24},"end":{"line":4,"column":60}},"4":{"start":{"line":7,"column":0},"end":{"line":7,"column":31}},"5":{"start":{"line":21,"column":24},"end":{"line":21,"column":59}},"6":{"start":{"line":23,"column":4},"end":{"line":28,"column":5}},"7":{"start":{"line":25,"column":8},"end":{"line":27,"column":9}},"8":{"start":{"line":26,"column":12},"end":{"line":26,"column":31}},"9":{"start":{"line":32,"column":4},"end":{"line":32,"column":16}},"10":{"start":{"line":35,"column":25},"end":{"line":84,"column":1}},"11":{"start":{"line":94,"column":19},"end":{"line":94,"column":42}},"12":{"start":{"line":97,"column":21},"end":{"line":97,"column":73}},"13":{"start":{"line":98,"column":4},"end":{"line":98,"column":31}},"14":{"start":{"line":101,"column":24},"end":{"line":101,"column":63}},"15":{"start":{"line":102,"column":4},"end":{"line":102,"column":37}},"16":{"start":{"line":105,"column":4},"end":{"line":108,"column":5}},"17":{"start":{"line":106,"column":25},"end":{"line":106,"column":104}},"18":{"start":{"line":107,"column":8},"end":{"line":107,"column":55}},"19":{"start":{"line":111,"column":20},"end":{"line":111,"column":50}},"20":{"start":{"line":112,"column":17},"end":{"line":112,"column":40}},"21":{"start":{"line":115,"column":4},"end":{"line":115,"column":46}},"22":{"start":{"line":117,"column":4},"end":{"line":117,"column":29}},"23":{"start":{"line":127,"column":4},"end":{"line":129,"column":5}},"24":{"start":{"line":128,"column":8},"end":{"line":128,"column":51}},"25":{"start":{"line":132,"column":21},"end":{"line":132,"column":69}},"26":{"start":{"line":133,"column":4},"end":{"line":133,"column":37}},"27":{"start":{"line":136,"column":4},"end":{"line":138,"column":5}},"28":{"start":{"line":137,"column":8},"end":{"line":137,"column":53}},"29":{"start":{"line":141,"column":4},"end":{"line":146,"column":5}},"30":{"start":{"line":142,"column":8},"end":{"line":145,"column":11}},"31":{"start":{"line":149,"column":4},"end":{"line":149,"column":50}},"32":{"start":{"line":152,"column":4},"end":{"line":154,"column":5}},"33":{"start":{"line":153,"column":8},"end":{"line":153,"column":44}},"34":{"start":{"line":163,"column":4},"end":{"line":191,"column":7}},"35":{"start":{"line":165,"column":8},"end":{"line":167,"column":11}},"36":{"start":{"line":166,"column":23},"end":{"line":166,"column":32}},"37":{"start":{"line":170,"column":8},"end":{"line":172,"column":11}},"38":{"start":{"line":171,"column":23},"end":{"line":171,"column":38}},"39":{"start":{"line":175,"column":8},"end":{"line":177,"column":11}},"40":{"start":{"line":176,"column":23},"end":{"line":176,"column":38}},"41":{"start":{"line":180,"column":30},"end":{"line":180,"column":64}},"42":{"start":{"line":181,"column":8},"end":{"line":185,"column":10}},"43":{"start":{"line":182,"column":12},"end":{"line":184,"column":41}},"44":{"start":{"line":188,"column":8},"end":{"line":188,"column":55}},"45":{"start":{"line":189,"column":8},"end":{"line":189,"column":57}},"46":{"start":{"line":190,"column":8},"end":{"line":190,"column":56}},"47":{"start":{"line":194,"column":4},"end":{"line":201,"column":7}},"48":{"start":{"line":204,"column":0},"end":{"line":208,"column":2}}},"fnMap":{"0":{"name":"getBrowserExecutablePath","decl":{"start":{"line":18,"column":9},"end":{"line":18,"column":33}},"loc":{"start":{"line":18,"column":36},"end":{"line":33,"column":1}},"line":18},"1":{"name":"createBrowserWithProfile","decl":{"start":{"line":93,"column":15},"end":{"line":93,"column":39}},"loc":{"start":{"line":93,"column":63},"end":{"line":118,"column":1}},"line":93},"2":{"name":"applyProfileSettings","decl":{"start":{"line":125,"column":15},"end":{"line":125,"column":35}},"loc":{"start":{"line":125,"column":51},"end":{"line":155,"column":1}},"line":125},"3":{"name":"applySpoofingTechniques","decl":{"start":{"line":161,"column":15},"end":{"line":161,"column":38}},"loc":{"start":{"line":161,"column":45},"end":{"line":202,"column":1}},"line":161},"4":{"name":"(anonymous_4)","decl":{"start":{"line":163,"column":37},"end":{"line":163,"column":38}},"loc":{"start":{"line":163,"column":43},"end":{"line":191,"column":5}},"line":163},"5":{"name":"(anonymous_5)","decl":{"start":{"line":166,"column":17},"end":{"line":166,"column":18}},"loc":{"start":{"line":166,"column":23},"end":{"line":166,"column":32}},"line":166},"6":{"name":"(anonymous_6)","decl":{"start":{"line":171,"column":17},"end":{"line":171,"column":18}},"loc":{"start":{"line":171,"column":23},"end":{"line":171,"column":38}},"line":171},"7":{"name":"(anonymous_7)","decl":{"start":{"line":176,"column":17},"end":{"line":176,"column":18}},"loc":{"start":{"line":176,"column":23},"end":{"line":176,"column":38}},"line":176},"8":{"name":"(anonymous_8)","decl":{"start":{"line":181,"column":45},"end":{"line":181,"column":46}},"loc":{"start":{"line":182,"column":12},"end":{"line":184,"column":41}},"line":182}},"branchMap":{"0":{"loc":{"start":{"line":23,"column":4},"end":{"line":28,"column":5}},"type":"if","locations":[{"start":{"line":23,"column":4},"end":{"line":28,"column":5}},{"start":{},"end":{}}],"line":23},"1":{"loc":{"start":{"line":25,"column":8},"end":{"line":27,"column":9}},"type":"if","locations":[{"start":{"line":25,"column":8},"end":{"line":27,"column":9}},{"start":{},"end":{}}],"line":25},"2":{"loc":{"start":{"line":93,"column":49},"end":{"line":93,"column":61}},"type":"default-arg","locations":[{"start":{"line":93,"column":59},"end":{"line":93,"column":61}}],"line":93},"3":{"loc":{"start":{"line":97,"column":21},"end":{"line":97,"column":73}},"type":"binary-expr","locations":[{"start":{"line":97,"column":21},"end":{"line":97,"column":37}},{"start":{"line":97,"column":41},"end":{"line":97,"column":64}},{"start":{"line":97,"column":68},"end":{"line":97,"column":73}}],"line":97},"4":{"loc":{"start":{"line":105,"column":4},"end":{"line":108,"column":5}},"type":"if","locations":[{"start":{"line":105,"column":4},"end":{"line":108,"column":5}},{"start":{},"end":{}}],"line":105},"5":{"loc":{"start":{"line":105,"column":8},"end":{"line":105,"column":65}},"type":"binary-expr","locations":[{"start":{"line":105,"column":8},"end":{"line":105,"column":21}},{"start":{"line":105,"column":25},"end":{"line":105,"column":43}},{"start":{"line":105,"column":47},"end":{"line":105,"column":65}}],"line":105},"6":{"loc":{"start":{"line":106,"column":28},"end":{"line":106,"column":56}},"type":"binary-expr","locations":[{"start":{"line":106,"column":28},"end":{"line":106,"column":46}},{"start":{"line":106,"column":50},"end":{"line":106,"column":56}}],"line":106},"7":{"loc":{"start":{"line":127,"column":4},"end":{"line":129,"column":5}},"type":"if","locations":[{"start":{"line":127,"column":4},"end":{"line":129,"column":5}},{"start":{},"end":{}}],"line":127},"8":{"loc":{"start":{"line":132,"column":21},"end":{"line":132,"column":69}},"type":"binary-expr","locations":[{"start":{"line":132,"column":21},"end":{"line":132,"column":37}},{"start":{"line":132,"column":41},"end":{"line":132,"column":69}}],"line":132},"9":{"loc":{"start":{"line":136,"column":4},"end":{"line":138,"column":5}},"type":"if","locations":[{"start":{"line":136,"column":4},"end":{"line":138,"column":5}},{"start":{},"end":{}}],"line":136},"10":{"loc":{"start":{"line":141,"column":4},"end":{"line":146,"column":5}},"type":"if","locations":[{"start":{"line":141,"column":4},"end":{"line":146,"column":5}},{"start":{},"end":{}}],"line":141},"11":{"loc":{"start":{"line":141,"column":8},"end":{"line":141,"column":73}},"type":"binary-expr","locations":[{"start":{"line":141,"column":8},"end":{"line":141,"column":21}},{"start":{"line":141,"column":25},"end":{"line":141,"column":47}},{"start":{"line":141,"column":51},"end":{"line":141,"column":73}}],"line":141},"12":{"loc":{"start":{"line":152,"column":4},"end":{"line":154,"column":5}},"type":"if","locations":[{"start":{"line":152,"column":4},"end":{"line":154,"column":5}},{"start":{},"end":{}}],"line":152},"13":{"loc":{"start":{"line":182,"column":12},"end":{"line":184,"column":41}},"type":"cond-expr","locations":[{"start":{"line":183,"column":16},"end":{"line":183,"column":67}},{"start":{"line":184,"column":16},"end":{"line":184,"column":41}}],"line":182}},"s":{"0":5,"1":5,"2":5,"3":5,"4":5,"5":5,"6":5,"7":5,"8":5,"9":0,"10":5,"11":12,"12":12,"13":12,"14":12,"15":12,"16":12,"17":1,"18":1,"19":12,"20":12,"21":12,"22":12,"23":12,"24":12,"25":12,"26":12,"27":12,"28":12,"29":12,"30":0,"31":12,"32":12,"33":12,"34":12,"35":0,"36":0,"37":0,"38":0,"39":0,"40":0,"41":0,"42":0,"43":0,"44":0,"45":0,"46":0,"47":12,"48":5},"f":{"0":5,"1":12,"2":12,"3":12,"4":0,"5":0,"6":0,"7":0,"8":0},"b":{"0":[5,0],"1":[5,0],"2":[0],"3":[12,0,0],"4":[1,11],"5":[12,1,1],"6":[1,0],"7":[12,0],"8":[12,0],"9":[12,0],"10":[0,12],"11":[12,1,0],"12":[12,0],"13":[0,0]},"_coverageSchema":"1a1c01bbd47fc00a2c39e90264f33305004495a9","hash":"15651a5e376e4bafa78499ec7bd7b1b611ede71d"}
,"C:\\laragon\\www\\TheBrowserShield\\config\\ssl.js": {"path":"C:\\laragon\\www\\TheBrowserShield\\config\\ssl.js","statementMap":{"0":{"start":{"line":6,"column":11},"end":{"line":6,"column":24}},"1":{"start":{"line":7,"column":13},"end":{"line":7,"column":28}},"2":{"start":{"line":8,"column":15},"end":{"line":8,"column":41}},"3":{"start":{"line":10,"column":16},"end":{"line":10,"column":46}},"4":{"start":{"line":11,"column":25},"end":{"line":11,"column":57}},"5":{"start":{"line":12,"column":26},"end":{"line":12,"column":58}},"6":{"start":{"line":19,"column":20},"end":{"line":19,"column":64}},"7":{"start":{"line":20,"column":21},"end":{"line":20,"column":67}},"8":{"start":{"line":22,"column":4},"end":{"line":44,"column":5}},"9":{"start":{"line":23,"column":8},"end":{"line":37,"column":9}},"10":{"start":{"line":24,"column":28},"end":{"line":27,"column":13}},"11":{"start":{"line":30,"column":27},"end":{"line":30,"column":50}},"12":{"start":{"line":31,"column":12},"end":{"line":33,"column":13}},"13":{"start":{"line":32,"column":16},"end":{"line":32,"column":53}},"14":{"start":{"line":35,"column":12},"end":{"line":35,"column":64}},"15":{"start":{"line":36,"column":12},"end":{"line":36,"column":27}},"16":{"start":{"line":39,"column":8},"end":{"line":39,"column":66}},"17":{"start":{"line":40,"column":8},"end":{"line":40,"column":20}},"18":{"start":{"line":42,"column":8},"end":{"line":42,"column":72}},"19":{"start":{"line":43,"column":8},"end":{"line":43,"column":20}},"20":{"start":{"line":53,"column":4},"end":{"line":55,"column":5}},"21":{"start":{"line":54,"column":8},"end":{"line":54,"column":40}},"22":{"start":{"line":58,"column":4},"end":{"line":62,"column":5}},"23":{"start":{"line":59,"column":24},"end":{"line":59,"column":68}},"24":{"start":{"line":60,"column":25},"end":{"line":60,"column":71}},"25":{"start":{"line":61,"column":8},"end":{"line":61,"column":65}},"26":{"start":{"line":64,"column":4},"end":{"line":64,"column":17}},"27":{"start":{"line":72,"column":4},"end":{"line":72,"column":52}},"28":{"start":{"line":79,"column":4},"end":{"line":82,"column":5}},"29":{"start":{"line":80,"column":8},"end":{"line":80,"column":51}},"30":{"start":{"line":81,"column":8},"end":{"line":81,"column":57}},"31":{"start":{"line":85,"column":0},"end":{"line":93,"column":2}}},"fnMap":{"0":{"name":"getSSLOptions","decl":{"start":{"line":18,"column":9},"end":{"line":18,"column":22}},"loc":{"start":{"line":18,"column":25},"end":{"line":45,"column":1}},"line":18},"1":{"name":"isHTTPSEnabled","decl":{"start":{"line":51,"column":9},"end":{"line":51,"column":23}},"loc":{"start":{"line":51,"column":26},"end":{"line":65,"column":1}},"line":51},"2":{"name":"getHTTPSPort","decl":{"start":{"line":71,"column":9},"end":{"line":71,"column":21}},"loc":{"start":{"line":71,"column":24},"end":{"line":73,"column":1}},"line":71},"3":{"name":"ensureSSLDirectory","decl":{"start":{"line":78,"column":9},"end":{"line":78,"column":27}},"loc":{"start":{"line":78,"column":30},"end":{"line":83,"column":1}},"line":78}},"branchMap":{"0":{"loc":{"start":{"line":19,"column":20},"end":{"line":19,"column":64}},"type":"binary-expr","locations":[{"start":{"line":19,"column":20},"end":{"line":19,"column":44}},{"start":{"line":19,"column":48},"end":{"line":19,"column":64}}],"line":19},"1":{"loc":{"start":{"line":20,"column":21},"end":{"line":20,"column":67}},"type":"binary-expr","locations":[{"start":{"line":20,"column":21},"end":{"line":20,"column":46}},{"start":{"line":20,"column":50},"end":{"line":20,"column":67}}],"line":20},"2":{"loc":{"start":{"line":23,"column":8},"end":{"line":37,"column":9}},"type":"if","locations":[{"start":{"line":23,"column":8},"end":{"line":37,"column":9}},{"start":{},"end":{}}],"line":23},"3":{"loc":{"start":{"line":23,"column":12},"end":{"line":23,"column":61}},"type":"binary-expr","locations":[{"start":{"line":23,"column":12},"end":{"line":23,"column":34}},{"start":{"line":23,"column":38},"end":{"line":23,"column":61}}],"line":23},"4":{"loc":{"start":{"line":31,"column":12},"end":{"line":33,"column":13}},"type":"if","locations":[{"start":{"line":31,"column":12},"end":{"line":33,"column":13}},{"start":{},"end":{}}],"line":31},"5":{"loc":{"start":{"line":31,"column":16},"end":{"line":31,"column":47}},"type":"binary-expr","locations":[{"start":{"line":31,"column":16},"end":{"line":31,"column":22}},{"start":{"line":31,"column":26},"end":{"line":31,"column":47}}],"line":31},"6":{"loc":{"start":{"line":53,"column":4},"end":{"line":55,"column":5}},"type":"if","locations":[{"start":{"line":53,"column":4},"end":{"line":55,"column":5}},{"start":{},"end":{}}],"line":53},"7":{"loc":{"start":{"line":58,"column":4},"end":{"line":62,"column":5}},"type":"if","locations":[{"start":{"line":58,"column":4},"end":{"line":62,"column":5}},{"start":{},"end":{}}],"line":58},"8":{"loc":{"start":{"line":59,"column":24},"end":{"line":59,"column":68}},"type":"binary-expr","locations":[{"start":{"line":59,"column":24},"end":{"line":59,"column":48}},{"start":{"line":59,"column":52},"end":{"line":59,"column":68}}],"line":59},"9":{"loc":{"start":{"line":60,"column":25},"end":{"line":60,"column":71}},"type":"binary-expr","locations":[{"start":{"line":60,"column":25},"end":{"line":60,"column":50}},{"start":{"line":60,"column":54},"end":{"line":60,"column":71}}],"line":60},"10":{"loc":{"start":{"line":61,"column":15},"end":{"line":61,"column":64}},"type":"binary-expr","locations":[{"start":{"line":61,"column":15},"end":{"line":61,"column":37}},{"start":{"line":61,"column":41},"end":{"line":61,"column":64}}],"line":61},"11":{"loc":{"start":{"line":72,"column":11},"end":{"line":72,"column":51}},"type":"binary-expr","locations":[{"start":{"line":72,"column":11},"end":{"line":72,"column":43}},{"start":{"line":72,"column":47},"end":{"line":72,"column":51}}],"line":72},"12":{"loc":{"start":{"line":79,"column":4},"end":{"line":82,"column":5}},"type":"if","locations":[{"st
[...]
,"C:\\laragon\\www\\TheBrowserShield\\services\\ProxyPoolService.js": {"path":"C:\\laragon\\www\\TheBrowserShield\\services\\ProxyPoolService.js","statementMap":{"0":{"start":{"line":6,"column":24},"end":{"line":6,"column":52}},"1":{"start":{"line":7,"column":15},"end":{"line":7,"column":41}},"2":{"start":{"line":11,"column":8},"end":{"line":11,"column":42}},"3":{"start":{"line":20,"column":8},"end":{"line":20,"column":53}},"4":{"start":{"line":29,"column":8},"end":{"line":29,"column":52}},"5":{"start":{"line":37,"column":8},"end":{"line":37,"column":47}},"6":{"start":{"line":46,"column":8},"end":{"line":46,"column":55}},"7":{"start":{"line":55,"column":8},"end":{"line":55,"column":58}},"8":{"start":{"line":65,"column":27},"end":{"line":74,"column":9}},"9":{"start":{"line":76,"column":8},"end":{"line":76,"column":107}},"10":{"start":{"line":77,"column":8},"end":{"line":77,"column":26}},"11":{"start":{"line":85,"column":8},"end":{"line":85,"column":46}},"12":{"start":{"line":94,"column":8},"end":{"line":94,"column":58}},"13":{"start":{"line":98,"column":0},"end":{"line":98,"column":40}}},"fnMap":{"0":{"name":"(anonymous_0)","decl":{"start":{"line":10,"column":4},"end":{"line":10,"column":5}},"loc":{"start":{"line":10,"column":18},"end":{"line":12,"column":5}},"line":10},"1":{"name":"(anonymous_1)","decl":{"start":{"line":19,"column":4},"end":{"line":19,"column":5}},"loc":{"start":{"line":19,"column":32},"end":{"line":21,"column":5}},"line":19},"2":{"name":"(anonymous_2)","decl":{"start":{"line":28,"column":4},"end":{"line":28,"column":5}},"loc":{"start":{"line":28,"column":31},"end":{"line":30,"column":5}},"line":28},"3":{"name":"(anonymous_3)","decl":{"start":{"line":36,"column":4},"end":{"line":36,"column":5}},"loc":{"start":{"line":36,"column":26},"end":{"line":38,"column":5}},"line":36},"4":{"name":"(anonymous_4)","decl":{"start":{"line":45,"column":4},"end":{"line":45,"column":5}},"loc":{"start":{"line":45,"column":39},"end":{"line":47,"column":5}},"line":45},"5":{"name":"(anonymous_5)","decl":{"start":{"line":54,"column":4},"end":{"line":54,"column":5}},"loc":{"start":{"line":54,"column":42},"end":{"line":56,"column":5}},"line":54},"6":{"name":"(anonymous_6)","decl":{"start":{"line":63,"column":4},"end":{"line":63,"column":5}},"loc":{"start":{"line":63,"column":27},"end":{"line":78,"column":5}},"line":63},"7":{"name":"(anonymous_7)","decl":{"start":{"line":84,"column":4},"end":{"line":84,"column":5}},"loc":{"start":{"line":84,"column":25},"end":{"line":86,"column":5}},"line":84},"8":{"name":"(anonymous_8)","decl":{"start":{"line":93,"column":4},"end":{"line":93,"column":5}},"loc":{"start":{"line":93,"column":37},"end":{"line":95,"column":5}},"line":93}},"branchMap":{"0":{"loc":{"start":{"line":45,"column":25},"end":{"line":45,"column":37}},"type":"default-arg","locations":[{"start":{"line":45,"column":35},"end":{"line":45,"column":37}}],"line":45},"1":{"loc":{"start":{"line":54,"column":28},"end":{"line":54,"column":40}},"type":"default-arg","locations":[{"start":{"line":54,"column":38},"end":{"line":54,"column":40}}],"line":54},"2":{"loc":{"start":{"line":76,"column":34},"end":{"line":76,"column":74}},"type":"cond-expr","locations":[{"start":{"line":76,"column":55},"end":{"line":76,"column":63}},{"start":{"line":76,"column":66},"end":{"line":76,"column":74}}],"line":76}},"s":{"0":2,"1":2,"2":2,"3":0,"4":0,"5":0,"6":0,"7":0,"8":0,"9":0,"10":0,"11":0,"12":0,"13":2},"f":{"0":2,"1":0,"2":0,"3":0,"4":0,"5":0,"6":0,"7":0,"8":0},"b":{"0":[0],"1":[0],"2":[0,0]},"_coverageSchema":"1a1c01bbd47fc00a2c39e90264f33305004495a9","hash":"5d15f24560deb4feed974e4b90198bbf9d323689"}
,"C:\\laragon\\www\\TheBrowserShield\\services\\ProxyRepository.js": {"path":"C:\\laragon\\www\\TheBrowserShield\\services\\ProxyRepository.js","statementMap":{"0":{"start":{"line":5,"column":23},"end":{"line":5,"column":38}},"1":{"start":{"line":6,"column":24},"end":{"line":6,"column":53}},"2":{"start":{"line":7,"column":15},"end":{"line":7,"column":41}},"3":{"start":{"line":11,"column":8},"end":{"line":11,"column":32}},"4":{"start":{"line":12,"column":8},"end":{"line":12,"column":33}},"5":{"start":{"line":16,"column":8},"end":{"line":36,"column":10}},"6":{"start":{"line":43,"column":8},"end":{"line":64,"column":9}},"7":{"start":{"line":44,"column":23},"end":{"line":44,"column":31}},"8":{"start":{"line":45,"column":12},"end":{"line":54,"column":14}},"9":{"start":{"line":56,"column":12},"end":{"line":56,"column":76}},"10":{"start":{"line":57,"column":12},"end":{"line":57,"column":37}},"11":{"start":{"line":59,"column":12},"end":{"line":61,"column":13}},"12":{"start":{"line":60,"column":16},"end":{"line":60,"column":92}},"13":{"start":{"line":62,"column":12},"end":{"line":62,"column":56}},"14":{"start":{"line":63,"column":12},"end":{"line":63,"column":24}},"15":{"start":{"line":71,"column":8},"end":{"line":77,"column":9}},"16":{"start":{"line":72,"column":25},"end":{"line":72,"column":56}},"17":{"start":{"line":73,"column":12},"end":{"line":73,"column":63}},"18":{"start":{"line":73,"column":35},"end":{"line":73,"column":61}},"19":{"start":{"line":75,"column":12},"end":{"line":75,"column":58}},"20":{"start":{"line":76,"column":12},"end":{"line":76,"column":22}},"21":{"start":{"line":84,"column":8},"end":{"line":90,"column":9}},"22":{"start":{"line":85,"column":25},"end":{"line":85,"column":59}},"23":{"start":{"line":86,"column":12},"end":{"line":86,"column":63}},"24":{"start":{"line":86,"column":35},"end":{"line":86,"column":61}},"25":{"start":{"line":88,"column":12},"end":{"line":88,"column":65}},"26":{"start":{"line":89,"column":12},"end":{"line":89,"column":22}},"27":{"start":{"line":97,"column":8},"end":{"line":103,"column":9}},"28":{"start":{"line":98,"column":24},"end":{"line":98,"column":58}},"29":{"start":{"line":99,"column":12},"end":{"line":99,"column":59}},"30":{"start":{"line":101,"column":12},"end":{"line":101,"column":56}},"31":{"start":{"line":102,"column":12},"end":{"line":102,"column":24}},"32":{"start":{"line":110,"column":8},"end":{"line":120,"column":9}},"33":{"start":{"line":111,"column":27},"end":{"line":111,"column":57}},"34":{"start":{"line":112,"column":12},"end":{"line":115,"column":13}},"35":{"start":{"line":113,"column":16},"end":{"line":113,"column":52}},"36":{"start":{"line":114,"column":16},"end":{"line":114,"column":28}},"37":{"start":{"line":116,"column":12},"end":{"line":116,"column":25}},"38":{"start":{"line":118,"column":12},"end":{"line":118,"column":59}},"39":{"start":{"line":119,"column":12},"end":{"line":119,"column":25}},"40":{"start":{"line":127,"column":8},"end":{"line":155,"column":9}},"41":{"start":{"line":128,"column":24},"end":{"line":128,"column":70}},"42":{"start":{"line":129,"column":27},"end":{"line":129,"column":29}},"43":{"start":{"line":131,"column":12},"end":{"line":134,"column":13}},"44":{"start":{"line":132,"column":16},"end":{"line":132,"column":44}},"45":{"start":{"line":133,"column":16},"end":{"line":133,"column":45}},"46":{"start":{"line":135,"column":12},"end":{"line":138,"column":13}},"47":{"start":{"line":136,"column":16},"end":{"line":136,"column":41}},"48":{"start":{"line":137,"column":16},"end":{"line":137,"column":42}},"49":{"start":{"line":139,"column":12},"end":{"line":142,"column":13}},"50":{"start":{"line":140,"column":16},"end":{"line":140,"column":45}},"51":{"start":{"line":141,"column":16},"end":{"line":141,"column":46}},"52":{"start":{"line":144,"column":12},"end":{"line":144,"column":50}},"53":{"start":{"line":146,"column":24},"end":{"line":146,"column":61}},"54":{"start":{"line":147,"column":12},"end":{"line":150,"column":13}},"55":{"start":{"line":148,"column":16},"end":{"line":148,"column":59}},"56":{"start":{"line":149,"column":16},"end":{"line":149,"column":50}},"57":{"start":{"line":151,"column":12},"end":{"line":151,"column":24}},"58":{"start":{"line":153,"column":12},"end":{"line":153,"column":63}},"59":{"start":{"line":154,"column":12},"end":{"line":154,"column":24}},"60":{"start":{"line":162,"column":8},"end":{"line":186,"column":9}},"61":{"start":{"line":163,"column":24},"end":{"line":163,"column":70}},"62":{"start":{"line":164,"column":27},"end":{"line":164,"column":29}},"63":{"start":{"line":166,"column":12},"end":{"line":169,"column":13}},"64":{"start":{"line":167,"column":16},"end":{"line":167,"column":44}},"65":{"start":{"line":168,"column":16},"end":{"line":168,"column":45}},"66":{"start":{"line":170,"column":12},"end":{"line":173,"column":13}},"67":{"start":{"line":171,"column":16},"end":{"line":171,"column":41}},"68":{"start":{"line":172,"column":16},"end":{"line":172,"column":42}},"69":{"start":{"line":175,"column":12},"end":{"line":175,"column":57}},"70":{"start":{"line":177,"column":24},"end":{"line":177,"column":61}},"71":{"start":{"line":178,"column":12},"end":{"line":181,"column":13}},"72":{"start":{"line":179,"column":16},"end":{"line":179,"column":59}},"73":{"start":{"line":180,"column":16},"end":{"line":180,"column":50}},"74":{"start":{"line":182,"column":12},"end":{"line":182,"column":24}},"75":{"start":{"line":184,"column":12},"end":{"line":184,"column":67}},"76":{"start":{"line":185,"column":12},"end":{"line":185,"column":24}},"77":{"start":{"line":193,"column":8},"end":{"line":203,"column":9}},"78":{"start":{"line":194,"column":26},"end":{"line":194,"column":43}},"79":{"start":{"line":195,"column":12},"end":{"line":195,"column":36}},"80":{"start":{"line":195,"column":24},"end":{"line":195,"column":36}},"81":{"start":{"line":197,"column":30},"end":{"line":197,"column":50}},"82":{"start":{"line":198,"column":12},"end":{"line":198,"column":60}},"83":{"start":{"line":199,"column":12},"end":{"line":199,"column":35}},"84":{"start":{"line":201,"column":12},"end":{"line":201,"column":66}},"85":{"start":{"line":202,"column":12},"end":{"line":202,"column":24}},"86":{"start":{"line":210,"column":8},"end":{"line":234,"column":9}},"87":{"start":{"line":211,"column":26},"end":{"line":211,"column":56}},"88":{"start":{"line":212,"column":30},"end":{"line":216,"column":20}},"89":{"start":{"line":217,"column":27},"end":{"line":221,"column":20}},"90":{"start":{"line":223,"column":12},"end":{"line":230,"column":14}},"91":{"start":{"line":228,"column":65},"end":{"line":228,"column":85}},"92":{"start":{"line":229,"column":59},"end":{"line":229,"column":76}},"93":{"start":{"line":232,"column":12},"end":{"line":232,"column":61}},"94":{"start":{"line":233,"column":12},"end":{"line":233,"column":22}},"95":{"start":{"line":241,"column":8},"end":{"line":254,"column":10}},"96":{"start":{"line":258,"column":0},"end":{"line":258,"column":39}}},"fnMap":{"0":{"name":"(anonymous_0)","decl":{"start":{"line":10,"column":4},"end":{"line":10,"column":5}},"loc":{"start":{"line":10,"column":18},"end":{"line":13,"column":5}},"line":10},"1":{"name":"(anonymous_1)","decl":{"start":{"line":15,"column":4},"end":{"line":15,"column":5}},"loc":{"start":{"line":15,"column":24},"end":{"line":37,"column":5}},"line":15},"2":{"name":"(anonymous_2)","decl":{"start":{"line":42,"column":4},"end":{"line":42,"column":5}},"loc":{"start":{"line":42,"column":24},"end":{"line":65,"column":5}},"line":42},"3":{"name":"(anonymous_3)","decl":{"start":{"line":70,"column":4},"end":{"line":70,"column":5}},"loc":{"start":{"line":70,"column":20},"end":{"line":78,"column":5}},"line":70},"4":{"name":"(anonymous_4)","decl":{"start":{"line":73,"column":28},"end":{"line":73,"column":29}},"loc":{"start":{"line":73,"column":35},"end":{"line":73,"column":61}},"line":73},"5":{"name":"(anonymous_5)","decl":{"start":{"line":83,"column":4},"end":{"line":83,"column":5}},"loc":{"start":{"line":83,"column":23},"end":{"line":91,"column":5}},"line":83},"6":{"name":"(anonymous_6)","decl":{"start":{"line":86,"column":28},"end":{"line":86,"column":29}},"loc":{"start":{"line":86,"column":35},"end":{"line":86,"column":61}},"line":86},"7":{"name":"(anonymous_7)","decl":{"start":{"line":96,"column":4},"end":{"line":96,"column":5}},"loc":{"start":{"line":96,"column":17},"end":{"line":104,"column":5}},"line":96},"8":{"name":"(anonymous_8)","decl":{"start":{"line":109,"column":4},"end":{"line":109,"column":5}},"loc":{"start":{"line":109,"column":20},"end":{"line":121,"column":5}},"line":109},"9":{"name":"(anonymous_9)","decl":{"start":{"line":126,"column":4},"end":{"line":126,"column":5}},"loc":{"start":{"line":126,"column":33},"end":{"line":156,"column":5}},"line":126},"10":{"name":"(anonymous_10)","decl":{"start":{"line":161,"column":4},"end":{"line":161,"column":5}},"loc":{"start":{"line":161,"column":36},"end":{"line":187,"column":5}},"line":161},"11":{"name":"(anonymous_11)","decl":{"start":{"line":192,"column":4},"end":{"line":192,"column":5}},"loc":{"start":{"line":192,"column":26},"end":{"line":204,"column":5}},"line":192},"12":{"name":"(anonymous_12)","decl":{"start":{"line":209,"column":4},"end":{"line":209,"column":5}},"loc":{"start":{"line":209,"column":19},"end":{"line":235,"column":5}},"line":209},"13":{"name":"(anonymous_13)","decl":{"start":{"line":228,"column":60},"end":{"line":228,"column":61}},"loc":{"start":{"line":228,"column":65},"end":{"line":228,"column":85}},"line":228},"14":{"name":"(anonymous_14)","decl":{"start":{"line":229,"column":54},"end":{"line":229,"column":55}},"loc":{"start":{"line":229,"column":59},"end":{"line":229,"column":76}},"line":229},"15":{"name":"(anonymous_15)","decl":{"start":{"line":240,"column":4},"end":{"line":240,"column":5}},"loc":{"start":{"line":240,"column":26},"end":{"line":255,"column":5}},"line":240}},"branchMap":{"0":{"loc":{"start":{"line":49,"column":16},"end":{"line":49,"column":40}},"type":"binary-expr","locations":[{"start":{"line":49,"column":16},"end":{"line":49,"column":30}},{"start":{"line":49,"column":34},"end":{"line":49,"column":40}}],"line":49},"1":{"loc":{"start":{"line":50,"column":16},"end":{"line":50,"column":41}},"type":"binary-expr","locations":[{"start":{"line":50,"column":16},"end":{"line":50,"column":33}},{"start":{"line":50,"column":37},"end":{"line":50,"column":41}}],"line":50},"2":{"loc":{"start":{"line":51,"column":16},"end":{"line":51,"column":42}},"type":"binary-expr","locations":[{"start":{"line":51,"column":16},"end":{"line":51,"column":34}},{"start":{"line":51,"column":38},"end":{"line":51,"column":42}}],"line":51},"3":{"loc":{"start":{"line":52,"column":16},"end":{"line":52,"column":42}},"type":"binary-expr","locations":[{"start":{"line":52,"column":16},"end":{"line":52,"column":34}},{"start":{"line":52,"column":38},"end":{"line":52,"column":42}}],"line":52},"4":{"loc":{"start":{"line":53,"column":16},"end":{"line":53,"column":42}},"type":"binary-expr","locations":[{"start":{"line":53,"column":16},"end":{"line":53,"column":34}},{"start":{"line":53,"column":38},"end":{"line":53,"column":42}}],"line":53},"5":{"loc":{"start":{"line":59,"column":12},"end":{"line":61,"column":13}},"type":"if","locations":[{"start":{"line":59,"column":12},"end":{"line":61,"column":13}},{"start":{},"end":{}}],"line":59},"6":{"loc":{"start":{"line":99,"column":19},"end":{"line":99,"column":58}},"type":"cond-expr","locations":[{"start":{"line":99,"column":25},"end":{"line":99,"column":51}},{"start":{"line":99,"column":54},"end":{"line":99,"column":58}}],"line":99},"7":{"loc":{"start":{"line":112,"column":12},"end":{"line":115,"column":13}},"type":"if","locations":[{"start":{"line":112,"column":12},"end":{"line":115,"column":13}},{"start":{},"end":{}}],"line":112},"8":{"loc":{"start":{"line":126,"column":19},"end":{"line":126,"column":31}},"type":"default-arg","locations":[{"start":{"line":126,"column":29},"end":{"line":126,"column":31}}],"line":126},"9":{"loc":{"start":{"line":131,"column":12},"end":{"line":134,"column":13}},"type":"if","locations":[{"start":{"line":131,"column":12},"end":{"line":134,"column":13}},{"start":{},"end":{}}],"line":131},"10":{"loc":{"start":{"line":135,"column":12},"end":{"line":138,"column":13}},"type":"if","locations":[{"start":{"line":135,"column":12},"end":{"line":138,"column":13}},{"start":{},"end":{}}],"line":135},"11":{"loc":{"start":{"line":139,"column":12},"end":{"line":142,"column":13}},"type":"if","locations":[{"start":{"line":139,"column":12},"end":{"line":142,"column":13}},{"start":{},"end":{}}],"line":139},"12":{"loc":{"start":{"line":147,"column":12},"end":{"line":150,"column":13}},"type":"if","locations":[{"start":{"line":147,"column":12},"end":{"line":150,"column":13}},{"start":{},"end":{}}],"line":147},"13":{"loc":{"start":{"line":161,"column":22},"end":{"line":161,"column":34}},"type":"default-arg","locations":[{"start":{"line":161,"column":32},"end":{"line":161,"column":34}}],"line":161},"14":{"loc":{"start":{"line":166,"column":12},"end":{"line":169,"column":13}},"type":"if","locations":[{"start":{"line":166,"column":12},"end":{"line":169,"column":13}},{"start":{},"end":{}}],"line":166},"15":{"loc":{"start":{"line":170,"column":12},"end":{"line":173,"column":13}},"type":"if","locations":[{"start":{"line":170,"column":12},"end":{"line":173,"column":13}},{"start":{},"end":{}}],"line":170},"16":{"loc":{"start":{"line":178,"column":12},"end":{"line":181,"column":13}},"type":"if","locations":[{"start":{"line":178,"column":12},"end":{"line":181,"column":13}},{"start":{},"end":{}}],"line":178},"17":{"loc":{"start":{"line":195,"column":12},"end":{"line":195,"column":36}},"type":"if","locations":[{"start":{"line":195,"column":12},"end":{"line":195,"column":36}},{"start":{},"end":{}}],"line":195},"18":{"loc":{"start":{"line":197,"column":30},"end":{"line":197,"column":50}},"type":"cond-expr","locations":[{"start":{"line":197,"column":45},"end":{"line":197,"column":46}},{"start":{"line":197,"column":49},"end":{"line":197,"column":50}}],"line":197},"19":{"loc":{"start":{"line":227,"column":28},"end":{"line":227,"column":49}},"type":"binary-expr","locations":[{"start":{"line":227,"column":28},"end":{"line":227,"column":44}},{"start":{"line":227,"column":48},"end":{"line":227,"column":49}}],"line":227}},"s":{"0":2,"1":2,"2":2,"3":2,"4":2,"5":2,"6":0,"7":0,"8":0,"9":0,"10":0,"11":0,"12":0,"13":0,"14":0,"15":0,"16":0,"17":0,"18":0,"19":0,"20":0,"21":0,"22":0,"23":0,"24":0,"25":0,"26":0,"27":0,"28":0,"29":0,"30":0,"31":0,"32":0,"33":0,"34":0,"35":0,"36":0,"37":0,"38":0,"39":0,"40":0,"41":0,"42":0,"43":0,"44":0,"45":0,"46":0,"47":0,"48":0,"49":0,"50":0,"51":0,"52":0,"53":0,"54":0,"55":0,"56":0,"57":0,"58":0,"59":0,"60":0,"61":0,"62":0,"63":0,"64":0,"65":0,"66":0,"67":0,"68":0,"69":0,"70":0,"71":0,"72":0,"73":0,"74":0,"75":0,"76":0,"77":0,"78":0,"79":0,"80":0,"81":0,"82":0,"83":0,"84":0,"85":0,"86":0,"87":0,"88":0,"89":0,"90":0,"91":0,"92":0,"93":0,"94":0,"95":0,"96":2},"f":{"0":2,"1":2,"2":0,"3":0,"4":0,"5":0,"6":0,"7":0,"8":0,"9":0,"10":0,"11":0,"12":0,"13":0,"14":0,"15":0},"b":{"0":[0,0],"1":[0,0],"2":[0,0],"3":[0,0],"4":[0,0],"5":[0,0],"6":[0,0],"7":[0,0],"8":[0],"9":[0,0],"10":[0,0],"11":[0,0],"12":[0,0],"13":[0],"14":[0,0],"15":[0,0],"16":[0,0],"17":[0,0],"18":[0,0],"19":[0,0]},"_coverageSchema":"1a1c01bbd47fc00a2c39e90264f33305004495a9","hash":"f0e706215aee25b200090abce4c5484e5603e919"}
}
