TN:
SF:config\AntiDetectionSuite.js
FN:12,(anonymous_0)
FN:31,(anonymous_1)
FN:32,(anonymous_2)
FN:34,(anonymous_3)
FN:39,(anonymous_4)
FN:54,(anonymous_5)
FN:71,(anonymous_6)
FN:72,(anonymous_7)
FN:76,(anonymous_8)
FN:81,(anonymous_9)
FN:83,(anonymous_10)
FN:97,(anonymous_11)
FN:106,(anonymous_12)
FN:107,(anonymous_13)
FN:111,(anonymous_14)
FN:116,(anonymous_15)
FN:124,(anonymous_16)
FN:141,(anonymous_17)
FN:142,(anonymous_18)
FN:144,(anonymous_19)
FN:167,(anonymous_20)
FN:180,(anonymous_21)
FN:182,(anonymous_22)
FN:185,(anonymous_23)
FN:193,getTimezoneOffsetForZone
FN:211,(anonymous_25)
FN:212,(anonymous_26)
FN:214,(anonymous_27)
FN:217,(anonymous_28)
FN:225,(anonymous_29)
FN:227,(anonymous_30)
FN:241,(anonymous_31)
FN:242,(anonymous_32)
FN:245,(anonymous_33)
FN:251,(anonymous_34)
FN:257,(anonymous_35)
FN:265,(anonymous_36)
FN:266,(anonymous_37)
FN:281,(anonymous_38)
FN:299,(anonymous_39)
FN:300,(anonymous_40)
FN:305,(anonymous_41)
FN:307,(anonymous_42)
FN:325,(anonymous_43)
FN:338,(anonymous_44)
FN:339,(anonymous_45)
FN:342,(anonymous_46)
FNF:47
FNH:12
FNDA:12,(anonymous_0)
FNDA:12,(anonymous_1)
FNDA:0,(anonymous_2)
FNDA:0,(anonymous_3)
FNDA:0,(anonymous_4)
FNDA:0,(anonymous_5)
FNDA:12,(anonymous_6)
FNDA:0,(anonymous_7)
FNDA:0,(anonymous_8)
FNDA:0,(anonymous_9)
FNDA:0,(anonymous_10)
FNDA:0,(anonymous_11)
FNDA:12,(anonymous_12)
FNDA:0,(anonymous_13)
FNDA:0,(anonymous_14)
FNDA:0,(anonymous_15)
FNDA:0,(anonymous_16)
FNDA:12,(anonymous_17)
FNDA:0,(anonymous_18)
FNDA:0,(anonymous_19)
FNDA:0,(anonymous_20)
FNDA:12,(anonymous_21)
FNDA:0,(anonymous_22)
FNDA:0,(anonymous_23)
FNDA:0,getTimezoneOffsetForZone
FNDA:12,(anonymous_25)
FNDA:0,(anonymous_26)
FNDA:0,(anonymous_27)
FNDA:0,(anonymous_28)
FNDA:12,(anonymous_29)
FNDA:0,(anonymous_30)
FNDA:12,(anonymous_31)
FNDA:0,(anonymous_32)
FNDA:0,(anonymous_33)
FNDA:0,(anonymous_34)
FNDA:0,(anonymous_35)
FNDA:12,(anonymous_36)
FNDA:0,(anonymous_37)
FNDA:0,(anonymous_38)
FNDA:12,(anonymous_39)
FNDA:0,(anonymous_40)
FNDA:0,(anonymous_41)
FNDA:0,(anonymous_42)
FNDA:0,(anonymous_43)
FNDA:12,(anonymous_44)
FNDA:0,(anonymous_45)
FNDA:0,(anonymous_46)
DA:13,12
DA:32,12
DA:33,0
DA:34,0
DA:35,0
DA:36,0
DA:37,0
DA:39,0
DA:40,0
DA:43,0
DA:44,0
DA:45,0
DA:46,0
DA:47,0
DA:49,0
DA:53,0
DA:54,0
DA:56,0
DA:57,0
DA:58,0
DA:61,0
DA:63,0
DA:72,12
DA:73,0
DA:74,0
DA:76,0
DA:77,0
DA:80,0
DA:81,0
DA:82,0
DA:83,0
DA:84,0
DA:85,0
DA:89,0
DA:93,0
DA:94,0
DA:95,0
DA:96,0
DA:97,0
DA:107,12
DA:108,0
DA:109,0
DA:110,0
DA:111,0
DA:112,0
DA:113,0
DA:114,0
DA:116,0
DA:117,0
DA:119,0
DA:120,0
DA:124,0
DA:125,0
DA:127,0
DA:128,0
DA:132,0
DA:142,12
DA:143,0
DA:144,0
DA:146,0
DA:147,0
DA:148,0
DA:150,0
DA:151,0
DA:156,0
DA:158,0
DA:159,0
DA:161,0
DA:165,0
DA:166,0
DA:167,0
DA:168,0
DA:169,0
DA:171,0
DA:181,12
DA:182,12
DA:184,0
DA:185,0
DA:187,0
DA:188,0
DA:189,0
DA:190,0
DA:194,0
DA:202,0
DA:212,12
DA:213,0
DA:214,0
DA:216,0
DA:217,0
DA:226,12
DA:227,0
DA:228,0
DA:229,0
DA:230,0
DA:231,0
DA:232,0
DA:233,0
DA:242,12
DA:244,0
DA:245,0
DA:249,0
DA:250,0
DA:251,0
DA:256,0
DA:257,0
DA:266,12
DA:267,0
DA:268,0
DA:277,0
DA:282,0
DA:283,0
DA:285,0
DA:286,0
DA:288,0
DA:300,12
DA:302,0
DA:303,0
DA:305,0
DA:306,0
DA:307,0
DA:309,0
DA:310,0
DA:311,0
DA:313,0
DA:314,0
DA:316,0
DA:318,0
DA:320,0
DA:324,0
DA:325,0
DA:326,0
DA:328,0
DA:330,0
DA:339,12
DA:341,0
DA:342,0
DA:343,0
DA:345,0
DA:346,0
DA:365,5
LF:140
LH:14
BRDA:19,0,0,12
BRDA:19,0,1,12
BRDA:35,1,0,0
BRDA:35,1,1,0
BRDA:73,2,0,0
BRDA:73,2,1,0
BRDA:108,3,0,0
BRDA:108,3,1,0
BRDA:109,4,0,0
BRDA:109,4,1,0
BRDA:146,5,0,0
BRDA:146,5,1,0
BRDA:150,6,0,0
BRDA:150,6,1,0
BRDA:158,7,0,0
BRDA:158,7,1,0
BRDA:165,8,0,0
BRDA:165,8,1,0
BRDA:168,9,0,0
BRDA:168,9,1,0
BRDA:168,10,0,0
BRDA:168,10,1,0
BRDA:168,10,2,0
BRDA:181,11,0,12
BRDA:181,11,1,0
BRDA:202,12,0,0
BRDA:202,12,1,0
BRDA:226,13,0,0
BRDA:226,13,1,12
BRDA:228,14,0,0
BRDA:228,14,1,0
BRDA:229,15,0,0
BRDA:229,15,1,0
BRDA:230,16,0,0
BRDA:230,16,1,0
BRDA:231,17,0,0
BRDA:231,17,1,0
BRDA:232,18,0,0
BRDA:232,18,1,0
BRDA:233,19,0,0
BRDA:233,19,1,0
BRDA:245,20,0,0
BRDA:245,20,1,0
BRDA:249,21,0,0
BRDA:249,21,1,0
BRDA:251,22,0,0
BRDA:251,22,1,0
BRDA:257,23,0,0
BRDA:257,23,1,0
BRDA:282,24,0,0
BRDA:282,24,1,0
BRDA:306,25,0,0
BRDA:306,25,1,0
BRDA:306,26,0,0
BRDA:306,26,1,0
BRDA:326,27,0,0
BRDA:326,27,1,0
BRDA:326,28,0,0
BRDA:326,28,1,0
BRF:59
BRH:4
end_of_record
TN:
SF:config\database.js
FN:19,initDatabase
FN:42,initializeTables
FN:116,getDatabase
FN:126,closeDatabase
FN:137,migrateFromJSON
FN:209,getDatabaseStats
FNF:6
FNH:3
FNDA:2,initDatabase
FNDA:2,initializeTables
FNDA:2,getDatabase
FNDA:0,closeDatabase
FNDA:0,migrateFromJSON
FNDA:0,getDatabaseStats
DA:6,2
DA:7,2
DA:8,2
DA:9,2
DA:11,2
DA:12,2
DA:14,2
DA:20,2
DA:23,2
DA:24,0
DA:27,2
DA:30,2
DA:33,2
DA:35,2
DA:36,2
DA:44,2
DA:59,2
DA:78,2
DA:92,2
DA:105,2
DA:117,2
DA:118,2
DA:120,2
DA:127,0
DA:128,0
DA:129,0
DA:130,0
DA:138,0
DA:139,0
DA:141,0
DA:142,0
DA:145,0
DA:146,0
DA:147,0
DA:148,0
DA:153,0
DA:154,0
DA:165,0
DA:167,0
DA:169,0
DA:174,0
DA:175,0
DA:176,0
DA:177,0
DA:182,0
DA:183,0
DA:195,0
DA:197,0
DA:199,0
DA:203,0
DA:210,0
DA:212,0
DA:221,0
DA:224,2
LF:54
LH:23
BRDA:20,0,0,0
BRDA:20,0,1,2
BRDA:23,1,0,0
BRDA:23,1,1,2
BRDA:117,2,0,2
BRDA:117,2,1,0
BRDA:127,3,0,0
BRDA:127,3,1,0
BRDA:145,4,0,0
BRDA:145,4,1,0
BRDA:157,5,0,0
BRDA:157,5,1,0
BRDA:158,6,0,0
BRDA:158,6,1,0
BRDA:159,7,0,0
BRDA:159,7,1,0
BRDA:160,8,0,0
BRDA:160,8,1,0
BRDA:161,9,0,0
BRDA:161,9,1,0
BRDA:162,10,0,0
BRDA:162,10,1,0
BRDA:163,11,0,0
BRDA:163,11,1,0
BRDA:174,12,0,0
BRDA:174,12,1,0
BRDA:187,13,0,0
BRDA:187,13,1,0
BRDA:188,14,0,0
BRDA:188,14,1,0
BRDA:189,15,0,0
BRDA:189,15,1,0
BRDA:190,16,0,0
BRDA:190,16,1,0
BRDA:191,17,0,0
BRDA:191,17,1,0
BRDA:192,18,0,0
BRDA:192,18,1,0
BRDA:193,19,0,0
BRDA:193,19,1,0
BRDA:218,20,0,0
BRDA:218,20,1,0
BRF:42
BRH:3
end_of_record
TN:
SF:config\firefox-puppeteer-simple.js
FN:8,getChromeExecutablePath
FN:50,createFirefoxBrowserWithProfile
FN:103,applyFirefoxProfileSettings
FN:127,applyFirefoxSpoofingTechniques
FN:129,(anonymous_4)
FN:132,(anonymous_5)
FN:136,(anonymous_6)
FN:140,(anonymous_7)
FN:144,(anonymous_8)
FN:148,(anonymous_9)
FN:153,(anonymous_10)
FNF:11
FNH:0
FNDA:0,getChromeExecutablePath
FNDA:0,createFirefoxBrowserWithProfile
FNDA:0,applyFirefoxProfileSettings
FNDA:0,applyFirefoxSpoofingTechniques
FNDA:0,(anonymous_4)
FNDA:0,(anonymous_5)
FNDA:0,(anonymous_6)
FNDA:0,(anonymous_7)
FNDA:0,(anonymous_8)
FNDA:0,(anonymous_9)
FNDA:0,(anonymous_10)
DA:1,0
DA:2,0
DA:5,0
DA:9,0
DA:10,0
DA:13,0
DA:31,0
DA:32,0
DA:34,0
DA:35,0
DA:36,0
DA:40,0
DA:51,0
DA:53,0
DA:55,0
DA:71,0
DA:72,0
DA:76,0
DA:77,0
DA:78,0
DA:82,0
DA:83,0
DA:86,0
DA:87,0
DA:90,0
DA:91,0
DA:93,0
DA:95,0
DA:96,0
DA:105,0
DA:108,0
DA:111,0
DA:112,0
DA:119,0
DA:120,0
DA:129,0
DA:131,0
DA:132,0
DA:135,0
DA:136,0
DA:139,0
DA:140,0
DA:143,0
DA:144,0
DA:147,0
DA:148,0
DA:152,0
DA:153,0
DA:154,0
DA:155,0
DA:157,0
DA:158,0
DA:160,0
DA:165,0
LF:54
LH:0
BRDA:32,0,0,0
BRDA:32,0,1,0
BRDA:35,1,0,0
BRDA:35,1,1,0
BRDA:50,2,0,0
BRDA:53,3,0,0
BRDA:53,3,1,0
BRDA:53,3,2,0
BRDA:71,4,0,0
BRDA:71,4,1,0
BRDA:77,5,0,0
BRDA:77,5,1,0
BRDA:82,6,0,0
BRDA:82,6,1,0
BRDA:82,7,0,0
BRDA:82,7,1,0
BRDA:82,7,2,0
BRDA:105,8,0,0
BRDA:105,8,1,0
BRDA:111,9,0,0
BRDA:111,9,1,0
BRDA:113,10,0,0
BRDA:113,10,1,0
BRDA:114,11,0,0
BRDA:114,11,1,0
BRDA:119,12,0,0
BRDA:119,12,1,0
BRDA:154,13,0,0
BRDA:154,13,1,0
BRDA:157,14,0,0
BRDA:157,14,1,0
BRF:31
BRH:0
end_of_record
TN:
SF:config\mode-switcher.js
FN:13,(anonymous_0)
FN:27,(anonymous_1)
FN:42,(anonymous_2)
FN:69,(anonymous_3)
FN:117,(anonymous_4)
FN:173,(anonymous_5)
FN:188,(anonymous_6)
FN:209,(anonymous_7)
FN:245,(anonymous_8)
FN:260,(anonymous_9)
FN:281,(anonymous_10)
FN:292,(anonymous_11)
FN:299,(anonymous_12)
FN:311,(anonymous_13)
FN:324,(anonymous_14)
FN:332,(anonymous_15)
FN:370,(anonymous_16)
FN:382,(anonymous_17)
FN:397,(anonymous_18)
FNF:19
FNH:8
FNDA:4,(anonymous_0)
FNDA:4,(anonymous_1)
FNDA:0,(anonymous_2)
FNDA:2,(anonymous_3)
FNDA:2,(anonymous_4)
FNDA:0,(anonymous_5)
FNDA:0,(anonymous_6)
FNDA:2,(anonymous_7)
FNDA:2,(anonymous_8)
FNDA:2,(anonymous_9)
FNDA:0,(anonymous_10)
FNDA:0,(anonymous_11)
FNDA:0,(anonymous_12)
FNDA:0,(anonymous_13)
FNDA:0,(anonymous_14)
FNDA:0,(anonymous_15)
FNDA:2,(anonymous_16)
FNDA:0,(anonymous_17)
FNDA:0,(anonymous_18)
DA:8,2
DA:9,2
DA:10,2
DA:14,4
DA:15,4
DA:16,4
DA:17,4
DA:20,4
DA:21,4
DA:28,4
DA:29,4
DA:30,4
DA:31,4
DA:34,0
DA:36,0
DA:43,0
DA:44,0
DA:51,0
DA:52,0
DA:53,0
DA:56,0
DA:57,0
DA:58,0
DA:60,0
DA:61,0
DA:70,2
DA:71,2
DA:73,2
DA:118,2
DA:119,0
DA:123,2
DA:124,2
DA:125,2
DA:127,2
DA:128,2
DA:135,0
DA:137,0
DA:144,0
DA:146,0
DA:155,0
DA:164,2
DA:174,0
DA:175,0
DA:178,0
DA:189,0
DA:190,0
DA:196,0
DA:210,2
DA:211,0
DA:215,2
DA:217,2
DA:218,0
DA:227,2
DA:236,2
DA:246,2
DA:247,2
DA:250,0
DA:261,2
DA:262,2
DA:268,0
DA:282,0
DA:293,0
DA:300,0
DA:301,0
DA:302,0
DA:312,0
DA:325,0
DA:326,0
DA:333,0
DA:335,0
DA:336,0
DA:342,0
DA:343,0
DA:349,0
DA:351,0
DA:352,0
DA:360,0
DA:371,2
DA:372,2
DA:383,0
DA:385,0
DA:387,0
DA:390,0
DA:398,0
DA:400,0
DA:416,0
DA:424,0
DA:435,2
LF:88
LH:35
BRDA:29,0,0,4
BRDA:29,0,1,0
BRDA:31,1,0,4
BRDA:31,1,1,0
BRDA:52,2,0,0
BRDA:52,2,1,0
BRDA:93,3,0,2
BRDA:93,3,1,0
BRDA:94,4,0,2
BRDA:94,4,1,0
BRDA:105,5,0,0
BRDA:105,5,1,2
BRDA:106,6,0,0
BRDA:106,6,1,2
BRDA:118,7,0,0
BRDA:118,7,1,2
BRDA:127,8,0,2
BRDA:127,8,1,0
BRDA:135,9,0,0
BRDA:135,9,1,0
BRDA:144,10,0,0
BRDA:144,10,1,0
BRDA:174,11,0,0
BRDA:174,11,1,0
BRDA:189,12,0,0
BRDA:189,12,1,0
BRDA:210,13,0,0
BRDA:210,13,1,2
BRDA:217,14,0,0
BRDA:217,14,1,2
BRDA:246,15,0,2
BRDA:246,15,1,0
BRDA:261,16,0,2
BRDA:261,16,1,0
BRDA:326,17,0,0
BRDA:326,17,1,0
BRDA:335,18,0,0
BRDA:335,18,1,0
BRDA:342,19,0,0
BRDA:342,19,1,0
BRDA:351,20,0,0
BRDA:351,20,1,0
BRDA:383,21,0,0
BRDA:383,21,1,0
BRDA:383,21,2,0
BRDA:383,21,3,0
BRDA:398,22,0,0
BRDA:398,22,1,0
BRDA:398,22,2,0
BRDA:398,22,3,0
BRF:50
BRH:12
end_of_record
TN:
SF:config\puppeteer.js
FN:18,getBrowserExecutablePath
FN:93,createBrowserWithProfile
FN:125,applyProfileSettings
FN:161,applySpoofingTechniques
FN:163,(anonymous_4)
FN:166,(anonymous_5)
FN:171,(anonymous_6)
FN:176,(anonymous_7)
FN:181,(anonymous_8)
FNF:9
FNH:4
FNDA:5,getBrowserExecutablePath
FNDA:12,createBrowserWithProfile
FNDA:12,applyProfileSettings
FNDA:12,applySpoofingTechniques
FNDA:0,(anonymous_4)
FNDA:0,(anonymous_5)
FNDA:0,(anonymous_6)
FNDA:0,(anonymous_7)
FNDA:0,(anonymous_8)
DA:1,5
DA:2,5
DA:3,5
DA:4,5
DA:7,5
DA:21,5
DA:23,5
DA:25,5
DA:26,5
DA:32,0
DA:35,5
DA:94,12
DA:97,12
DA:98,12
DA:101,12
DA:102,12
DA:105,12
DA:106,1
DA:107,1
DA:111,12
DA:112,12
DA:115,12
DA:117,12
DA:127,12
DA:128,12
DA:132,12
DA:133,12
DA:136,12
DA:137,12
DA:141,12
DA:142,0
DA:149,12
DA:152,12
DA:153,12
DA:163,12
DA:165,0
DA:166,0
DA:170,0
DA:171,0
DA:175,0
DA:176,0
DA:180,0
DA:181,0
DA:182,0
DA:188,0
DA:189,0
DA:190,0
DA:194,12
DA:204,5
LF:49
LH:35
BRDA:23,0,0,5
BRDA:23,0,1,0
BRDA:25,1,0,5
BRDA:25,1,1,0
BRDA:93,2,0,0
BRDA:97,3,0,12
BRDA:97,3,1,0
BRDA:97,3,2,0
BRDA:105,4,0,1
BRDA:105,4,1,11
BRDA:105,5,0,12
BRDA:105,5,1,1
BRDA:105,5,2,1
BRDA:106,6,0,1
BRDA:106,6,1,0
BRDA:127,7,0,12
BRDA:127,7,1,0
BRDA:132,8,0,12
BRDA:132,8,1,0
BRDA:136,9,0,12
BRDA:136,9,1,0
BRDA:141,10,0,0
BRDA:141,10,1,12
BRDA:141,11,0,12
BRDA:141,11,1,1
BRDA:141,11,2,0
BRDA:152,12,0,12
BRDA:152,12,1,0
BRDA:182,13,0,0
BRDA:182,13,1,0
BRF:30
BRH:16
end_of_record
TN:
SF:config\ssl.js
FN:18,getSSLOptions
FN:51,isHTTPSEnabled
FN:71,getHTTPSPort
FN:78,ensureSSLDirectory
FNF:4
FNH:3
FNDA:2,getSSLOptions
FNDA:2,isHTTPSEnabled
FNDA:2,getHTTPSPort
FNDA:0,ensureSSLDirectory
DA:6,2
DA:7,2
DA:8,2
DA:10,2
DA:11,2
DA:12,2
DA:19,2
DA:20,2
DA:22,2
DA:23,2
DA:24,0
DA:30,0
DA:31,0
DA:32,0
DA:35,0
DA:36,0
DA:39,2
DA:40,2
DA:42,0
DA:43,0
DA:53,2
DA:54,0
DA:58,2
DA:59,2
DA:60,2
DA:61,2
DA:64,0
DA:72,2
DA:79,0
DA:80,0
DA:81,0
DA:85,2
LF:32
LH:19
BRDA:19,0,0,2
BRDA:19,0,1,2
BRDA:20,1,0,2
BRDA:20,1,1,2
BRDA:23,2,0,0
BRDA:23,2,1,2
BRDA:23,3,0,2
BRDA:23,3,1,0
BRDA:31,4,0,0
BRDA:31,4,1,0
BRDA:31,5,0,0
BRDA:31,5,1,0
BRDA:53,6,0,0
BRDA:53,6,1,2
BRDA:58,7,0,2
BRDA:58,7,1,0
BRDA:59,8,0,2
BRDA:59,8,1,2
BRDA:60,9,0,2
BRDA:60,9,1,2
BRDA:61,10,0,2
BRDA:61,10,1,0
BRDA:72,11,0,2
BRDA:72,11,1,2
BRDA:79,12,0,0
BRDA:79,12,1,0
BRF:26
BRH:15
end_of_record
TN:
SF:config\swagger.js
FN:291,setupSwagger
FN:298,(anonymous_1)
FNF:2
FNH:1
FNDA:2,setupSwagger
FNDA:0,(anonymous_1)
DA:5,2
DA:6,2
DA:8,2
DA:289,2
DA:292,2
DA:298,2
DA:299,0
DA:300,0
DA:304,2
LF:9
LH:7
BRF:0
BRH:0
end_of_record
TN:
SF:middleware\auth.js
FN:6,authenticateToken
FN:57,rateLimiter
FN:62,(anonymous_2)
FNF:3
FNH:3
FNDA:209,authenticateToken
FNDA:308,rateLimiter
FNDA:14552,(anonymous_2)
DA:1,3
DA:8,209
DA:9,103
DA:13,106
DA:14,106
DA:17,106
DA:18,106
DA:19,1
DA:20,1
DA:23,105
DA:24,102
DA:31,3
DA:32,1
DA:38,1
DA:45,2
DA:51,2
DA:58,308
DA:59,308
DA:60,308
DA:62,308
DA:63,14552
DA:64,14552
DA:67,14552
DA:68,14245
DA:69,1
DA:74,14552
DA:75,14552
DA:76,309
DA:80,309
DA:83,14552
DA:86,14552
DA:87,3
DA:93,3
DA:101,14549
DA:107,14549
DA:111,3
LF:36
LH:36
BRDA:8,0,0,103
BRDA:8,0,1,106
BRDA:8,1,0,209
BRDA:8,1,1,106
BRDA:14,2,0,106
BRDA:14,2,1,3
BRDA:18,3,0,1
BRDA:18,3,1,105
BRDA:23,4,0,102
BRDA:23,4,1,3
BRDA:31,5,0,1
BRDA:31,5,1,2
BRDA:68,6,0,1
BRDA:68,6,1,14244
BRDA:75,7,0,309
BRDA:75,7,1,14243
BRDA:75,8,0,14552
BRDA:75,8,1,14243
BRDA:86,9,0,3
BRDA:86,9,1,14549
BRF:20
BRH:20
end_of_record
TN:
SF:middleware\errorHandler.js
FN:7,getPreferredLanguage
FN:21,errorHandler
FNF:2
FNH:2
FNDA:231,getPreferredLanguage
FNDA:231,errorHandler
DA:1,3
DA:2,3
DA:9,231
DA:10,101
DA:13,130
DA:14,130
DA:15,84
DA:22,231
DA:23,231
DA:26,231
DA:37,231
DA:38,209
DA:42,22
DA:43,22
DA:44,22
DA:47,22
DA:48,22
DA:50,22
DA:51,3
DA:52,2
DA:53,1
DA:54,1
DA:56,3
DA:57,19
DA:58,2
DA:59,1
DA:60,1
DA:61,1
DA:63,2
DA:64,17
DA:65,1
DA:66,1
DA:67,16
DA:68,2
DA:69,2
DA:70,14
DA:71,3
DA:72,3
DA:73,3
DA:78,22
DA:79,2
DA:80,2
DA:81,2
DA:85,22
DA:86,2
DA:87,1
DA:88,1
DA:90,1
DA:91,1
DA:96,22
DA:97,1
DA:98,1
DA:99,21
DA:100,1
DA:101,1
DA:105,22
DA:119,22
DA:120,21
DA:123,22
DA:126,3
LF:60
LH:60
BRDA:9,0,0,101
BRDA:9,0,1,130
BRDA:9,1,0,231
BRDA:9,1,1,101
BRDA:13,2,0,130
BRDA:13,2,1,27
BRDA:14,3,0,46
BRDA:14,3,1,84
BRDA:29,4,0,230
BRDA:29,4,1,1
BRDA:37,5,0,209
BRDA:37,5,1,22
BRDA:47,6,0,22
BRDA:47,6,1,0
BRDA:50,7,0,3
BRDA:50,7,1,19
BRDA:50,8,0,22
BRDA:50,8,1,19
BRDA:51,9,0,2
BRDA:51,9,1,1
BRDA:53,10,0,1
BRDA:53,10,1,0
BRDA:57,11,0,2
BRDA:57,11,1,17
BRDA:57,12,0,19
BRDA:57,12,1,17
BRDA:58,13,0,1
BRDA:58,13,1,1
BRDA:60,14,0,1
BRDA:60,14,1,0
BRDA:64,15,0,1
BRDA:64,15,1,16
BRDA:67,16,0,2
BRDA:67,16,1,14
BRDA:67,17,0,16
BRDA:67,17,1,15
BRDA:70,18,0,3
BRDA:70,18,1,11
BRDA:70,19,0,14
BRDA:70,19,1,11
BRDA:73,20,0,3
BRDA:73,20,1,1
BRDA:78,21,0,2
BRDA:78,21,1,20
BRDA:85,22,0,2
BRDA:85,22,1,20
BRDA:85,23,0,22
BRDA:85,23,1,4
BRDA:86,24,0,1
BRDA:86,24,1,1
BRDA:96,25,0,1
BRDA:96,25,1,21
BRDA:98,26,0,1
BRDA:98,26,1,0
BRDA:99,27,0,1
BRDA:99,27,1,20
BRDA:101,28,0,1
BRDA:101,28,1,0
BRDA:110,29,0,21
BRDA:110,29,1,1
BRDA:110,30,0,22
BRDA:110,30,1,1
BRDA:119,31,0,21
BRDA:119,31,1,1
BRDA:119,32,0,22
BRDA:119,32,1,21
BRF:66
BRH:61
end_of_record
TN:
SF:middleware\performance.js
FN:7,(anonymous_0)
FN:15,(anonymous_1)
FN:74,(anonymous_2)
FN:75,(anonymous_3)
FN:101,(anonymous_4)
FN:130,(anonymous_5)
FN:141,(anonymous_6)
FN:286,(anonymous_7)
FNF:8
FNH:6
FNDA:69,(anonymous_0)
FNDA:69,(anonymous_1)
FNDA:2,(anonymous_2)
FNDA:0,(anonymous_3)
FNDA:0,(anonymous_4)
FNDA:44,(anonymous_5)
FNDA:107,(anonymous_6)
FNDA:61,(anonymous_7)
DA:1,3
DA:7,3
DA:8,69
DA:9,69
DA:12,69
DA:13,69
DA:15,69
DA:16,69
DA:17,69
DA:18,69
DA:25,69
DA:38,69
DA:41,69
DA:42,4
DA:50,69
DA:51,0
DA:59,69
DA:60,5
DA:67,69
DA:74,3
DA:75,2
DA:76,0
DA:77,0
DA:78,0
DA:80,0
DA:101,2
DA:102,0
DA:105,0
DA:106,0
DA:114,0
DA:115,0
DA:121,0
DA:124,2
DA:130,3
DA:137,44
DA:139,44
DA:141,44
DA:142,107
DA:143,107
DA:144,107
DA:147,107
DA:148,92
DA:149,1
DA:154,107
DA:155,107
DA:156,16
DA:161,16
DA:165,107
DA:166,11
DA:168,11
DA:178,11
DA:179,11
DA:186,11
DA:194,96
DA:196,96
DA:197,95
DA:204,96
DA:211,3
DA:286,3
DA:287,61
DA:288,61
DA:291,61
DA:294,61
DA:304,61
DA:307,3
LF:65
LH:54
BRDA:30,0,0,69
BRDA:30,0,1,12
BRDA:41,1,0,4
BRDA:41,1,1,65
BRDA:50,2,0,0
BRDA:50,2,1,69
BRDA:59,3,0,5
BRDA:59,3,1,64
BRDA:105,4,0,0
BRDA:105,4,1,0
BRDA:114,5,0,0
BRDA:114,5,1,0
BRDA:130,6,0,1
BRDA:132,7,0,4
BRDA:133,8,0,2
BRDA:134,9,0,4
BRDA:135,10,0,43
BRDA:136,11,0,44
BRDA:148,12,0,1
BRDA:148,12,1,91
BRDA:155,13,0,16
BRDA:155,13,1,91
BRDA:155,14,0,107
BRDA:155,14,1,91
BRDA:165,15,0,11
BRDA:165,15,1,96
BRDA:178,16,0,11
BRDA:178,16,1,0
BRDA:196,17,0,95
BRDA:196,17,1,1
BRF:30
BRH:24
end_of_record
TN:
SF:middleware\validation.js
FN:41,(anonymous_0)
FN:89,(anonymous_1)
FN:90,(anonymous_2)
FN:95,(anonymous_3)
FN:126,(anonymous_4)
FN:127,(anonymous_5)
FNF:6
FNH:5
FNDA:6,(anonymous_0)
FNDA:639,(anonymous_1)
FNDA:643,(anonymous_2)
FNDA:0,(anonymous_3)
FNDA:2,(anonymous_4)
FNDA:2,(anonymous_5)
DA:6,3
DA:12,3
DA:17,3
DA:25,3
DA:34,3
DA:41,6
DA:45,3
DA:50,3
DA:54,3
DA:62,3
DA:76,3
DA:89,3
DA:90,639
DA:91,643
DA:92,643
DA:94,643
DA:95,12
DA:101,0
DA:109,631
DA:110,631
DA:112,12
DA:126,3
DA:127,2
DA:128,2
DA:129,2
DA:131,2
DA:132,1
DA:139,1
DA:140,1
DA:142,0
DA:151,3
LF:31
LH:29
BRDA:94,0,0,12
BRDA:94,0,1,631
BRDA:131,1,0,1
BRDA:131,1,1,1
BRF:4
BRH:4
end_of_record
TN:
SF:routes\mode.js
FN:13,(anonymous_0)
FN:32,(anonymous_1)
FN:62,(anonymous_2)
FNF:3
FNH:0
FNDA:0,(anonymous_0)
FNDA:0,(anonymous_1)
FNDA:0,(anonymous_2)
DA:1,2
DA:2,2
DA:3,2
DA:4,2
DA:6,2
DA:7,2
DA:13,2
DA:14,0
DA:15,0
DA:16,0
DA:21,0
DA:32,2
DA:33,0
DA:34,0
DA:36,0
DA:38,0
DA:39,0
DA:45,0
DA:51,0
DA:62,2
DA:63,0
DA:64,0
DA:65,0
DA:70,0
DA:77,2
LF:25
LH:10
BRDA:38,0,0,0
BRDA:38,0,1,0
BRF:2
BRH:0
end_of_record
TN:
SF:routes\profiles.js
FN:26,(anonymous_0)
FN:43,(anonymous_1)
FN:70,(anonymous_2)
FN:93,(anonymous_3)
FN:117,(anonymous_4)
FN:147,(anonymous_5)
FN:178,(anonymous_6)
FN:207,(anonymous_7)
FN:233,(anonymous_8)
FN:250,(anonymous_9)
FN:281,(anonymous_10)
FN:309,(anonymous_11)
FN:328,(anonymous_12)
FN:347,(anonymous_13)
FN:358,(anonymous_14)
FN:359,(anonymous_15)
FN:363,(anonymous_16)
FNF:17
FNH:12
FNDA:5,(anonymous_0)
FNDA:12,(anonymous_1)
FNDA:8,(anonymous_2)
FNDA:4,(anonymous_3)
FNDA:12,(anonymous_4)
FNDA:1,(anonymous_5)
FNDA:0,(anonymous_6)
FNDA:1,(anonymous_7)
FNDA:1,(anonymous_8)
FNDA:0,(anonymous_9)
FNDA:0,(anonymous_10)
FNDA:1,(anonymous_11)
FNDA:0,(anonymous_12)
FNDA:1,(anonymous_13)
FNDA:24,(anonymous_14)
FNDA:24,(anonymous_15)
FNDA:0,(anonymous_16)
DA:1,2
DA:2,2
DA:3,2
DA:4,2
DA:5,2
DA:13,2
DA:14,2
DA:16,2
DA:19,2
DA:20,2
DA:26,2
DA:27,5
DA:28,5
DA:29,5
DA:35,0
DA:43,2
DA:44,12
DA:45,12
DA:48,12
DA:56,12
DA:62,0
DA:70,2
DA:71,8
DA:72,8
DA:73,8
DA:74,2
DA:80,6
DA:85,0
DA:93,2
DA:94,4
DA:95,4
DA:96,4
DA:97,0
DA:103,4
DA:109,0
DA:117,2
DA:118,12
DA:120,12
DA:121,12
DA:126,12
DA:127,12
DA:128,0
DA:134,12
DA:139,0
DA:147,2
DA:148,1
DA:149,1
DA:150,1
DA:153,0
DA:164,0
DA:170,1
DA:178,2
DA:179,0
DA:180,0
DA:181,0
DA:182,0
DA:189,0
DA:194,0
DA:199,0
DA:207,2
DA:208,1
DA:209,1
DA:210,1
DA:211,1
DA:220,0
DA:225,0
DA:233,2
DA:234,1
DA:235,1
DA:236,1
DA:242,0
DA:250,2
DA:251,0
DA:252,0
DA:254,0
DA:257,0
DA:267,0
DA:273,0
DA:281,2
DA:282,0
DA:283,0
DA:285,0
DA:288,0
DA:295,0
DA:301,0
DA:309,2
DA:310,1
DA:311,1
DA:312,1
DA:314,1
DA:320,0
DA:328,2
DA:329,0
DA:330,0
DA:331,0
DA:333,0
DA:339,0
DA:347,2
DA:348,1
DA:349,1
DA:355,1
DA:358,24
DA:359,24
DA:363,0
DA:374,1
DA:379,0
DA:383,2
LF:107
LH:68
BRDA:73,0,0,2
BRDA:73,0,1,6
BRDA:96,1,0,0
BRDA:96,1,1,4
BRDA:127,2,0,0
BRDA:127,2,1,12
BRDA:156,3,0,0
BRDA:156,3,1,0
BRDA:167,4,0,0
BRDA:167,4,1,0
BRDA:181,5,0,0
BRDA:181,5,1,0
BRDA:210,6,0,1
BRDA:210,6,1,0
BRDA:289,7,0,0
BRDA:289,7,1,0
BRDA:311,8,0,1
BRDA:311,8,1,1
BRDA:330,9,0,0
BRDA:330,9,1,0
BRDA:363,10,0,0
BRDA:363,10,1,0
BRF:22
BRH:7
end_of_record
TN:
SF:routes\proxy.js
FN:13,(anonymous_0)
FN:30,(anonymous_1)
FN:47,(anonymous_2)
FN:70,(anonymous_3)
FN:99,(anonymous_4)
FN:127,(anonymous_5)
FN:130,(anonymous_6)
FN:153,(anonymous_7)
FN:177,(anonymous_8)
FNF:9
FNH:0
FNDA:0,(anonymous_0)
FNDA:0,(anonymous_1)
FNDA:0,(anonymous_2)
FNDA:0,(anonymous_3)
FNDA:0,(anonymous_4)
FNDA:0,(anonymous_5)
FNDA:0,(anonymous_6)
FNDA:0,(anonymous_7)
FNDA:0,(anonymous_8)
DA:1,2
DA:2,2
DA:3,2
DA:4,2
DA:5,2
DA:7,2
DA:13,2
DA:14,0
DA:15,0
DA:16,0
DA:22,0
DA:30,2
DA:31,0
DA:32,0
DA:33,0
DA:39,0
DA:47,2
DA:48,0
DA:49,0
DA:50,0
DA:51,0
DA:57,0
DA:62,0
DA:70,2
DA:71,0
DA:72,0
DA:78,0
DA:79,0
DA:80,0
DA:86,0
DA:91,0
DA:99,2
DA:100,0
DA:101,0
DA:106,0
DA:107,0
DA:108,0
DA:114,0
DA:119,0
DA:127,2
DA:128,0
DA:129,0
DA:130,0
DA:132,0
DA:133,0
DA:139,0
DA:140,0
DA:145,0
DA:153,2
DA:154,0
DA:155,0
DA:156,0
DA:157,0
DA:163,0
DA:169,0
DA:177,2
DA:178,0
DA:179,0
DA:180,0
DA:185,0
DA:189,2
LF:61
LH:15
BRDA:50,0,0,0
BRDA:50,0,1,0
BRDA:79,1,0,0
BRDA:79,1,1,0
BRDA:107,2,0,0
BRDA:107,2,1,0
BRDA:132,3,0,0
BRDA:132,3,1,0
BRDA:156,4,0,0
BRDA:156,4,1,0
BRDA:166,5,0,0
BRDA:166,5,1,0
BRF:12
BRH:0
end_of_record
TN:
SF:services\BrowserService.js
FN:6,(anonymous_0)
FN:20,(anonymous_1)
FN:96,(anonymous_2)
FN:156,(anonymous_3)
FN:198,(anonymous_4)
FN:218,(anonymous_5)
FN:236,(anonymous_6)
FN:238,(anonymous_7)
FN:254,(anonymous_8)
FN:276,(anonymous_9)
FNF:10
FNH:9
FNDA:809,(anonymous_0)
FNDA:121,(anonymous_1)
FNDA:12,(anonymous_2)
FNDA:956,(anonymous_3)
FNDA:2,(anonymous_4)
FNDA:4,(anonymous_5)
FNDA:507,(anonymous_6)
FNDA:645,(anonymous_7)
FNDA:0,(anonymous_8)
FNDA:400,(anonymous_9)
DA:1,5
DA:2,5
DA:3,5
DA:7,809
DA:8,809
DA:9,809
DA:22,121
DA:23,5
DA:27,116
DA:28,100
DA:29,100
DA:30,100
DA:31,100
DA:35,16
DA:37,16
DA:39,16
DA:40,16
DA:41,1
DA:42,1
DA:43,1
DA:44,1
DA:48,15
DA:51,15
DA:55,15
DA:56,15
DA:57,14
DA:58,14
DA:61,1
DA:67,0
DA:68,0
DA:69,0
DA:70,0
DA:71,0
DA:74,1
DA:75,1
DA:76,1
DA:77,1
DA:81,14
DA:90,14
DA:93,14
DA:96,14
DA:97,12
DA:98,12
DA:102,14
DA:103,14
DA:108,13
DA:110,13
DA:129,3
DA:132,3
DA:133,1
DA:134,1
DA:135,1
DA:136,1
DA:138,0
DA:141,1
DA:144,3
DA:147,16
DA:158,956
DA:159,0
DA:160,0
DA:163,956
DA:164,956
DA:165,100
DA:169,856
DA:171,856
DA:172,856
DA:174,856
DA:175,856
DA:178,854
DA:179,854
DA:181,854
DA:183,2
DA:185,2
DA:186,2
DA:189,856
DA:199,2
DA:200,2
DA:201,1
DA:204,1
DA:219,4
DA:220,4
DA:221,11
DA:230,4
DA:237,507
DA:238,645
DA:240,507
DA:241,507
DA:242,507
DA:244,0
DA:255,0
DA:256,0
DA:257,0
DA:260,0
DA:261,0
DA:262,0
DA:263,0
DA:265,0
DA:266,0
DA:277,400
DA:278,400
DA:279,100
DA:282,300
DA:283,300
DA:288,300
DA:289,300
DA:291,300
DA:297,0
DA:298,0
DA:303,5
LF:109
LH:89
BRDA:20,0,0,110
BRDA:20,1,0,120
BRDA:22,2,0,5
BRDA:22,2,1,116
BRDA:27,3,0,100
BRDA:27,3,1,16
BRDA:40,4,0,1
BRDA:40,4,1,15
BRDA:48,5,0,15
BRDA:48,5,1,15
BRDA:48,5,2,3
BRDA:61,6,0,0
BRDA:61,6,1,1
BRDA:61,7,0,1
BRDA:61,7,1,1
BRDA:61,7,2,1
BRDA:61,7,3,1
BRDA:61,7,4,1
BRDA:93,8,0,0
BRDA:93,8,1,14
BRDA:102,9,0,14
BRDA:102,9,1,3
BRDA:120,10,0,0
BRDA:120,10,1,13
BRDA:132,11,0,1
BRDA:132,11,1,2
BRDA:134,12,0,1
BRDA:134,12,1,0
BRDA:158,13,0,0
BRDA:158,13,1,956
BRDA:164,14,0,100
BRDA:164,14,1,856
BRDA:174,15,0,856
BRDA:174,15,1,0
BRDA:200,16,0,1
BRDA:200,16,1,1
BRDA:256,17,0,0
BRDA:256,17,1,0
BRDA:278,18,0,100
BRDA:278,18,1,300
BRF:40
BRH:32
end_of_record
TN:
SF:services\FirefoxBrowserService.js
FN:9,(anonymous_0)
FN:15,(anonymous_1)
FN:16,(anonymous_2)
FN:19,(anonymous_3)
FN:23,(anonymous_4)
FN:35,(anonymous_5)
FN:72,(anonymous_6)
FN:134,(anonymous_7)
FN:171,(anonymous_8)
FN:194,(anonymous_9)
FN:214,(anonymous_10)
FN:232,(anonymous_11)
FN:271,(anonymous_12)
FNF:13
FNH:0
FNDA:0,(anonymous_0)
FNDA:0,(anonymous_1)
FNDA:0,(anonymous_2)
FNDA:0,(anonymous_3)
FNDA:0,(anonymous_4)
FNDA:0,(anonymous_5)
FNDA:0,(anonymous_6)
FNDA:0,(anonymous_7)
FNDA:0,(anonymous_8)
FNDA:0,(anonymous_9)
FNDA:0,(anonymous_10)
FNDA:0,(anonymous_11)
FNDA:0,(anonymous_12)
DA:1,0
DA:2,0
DA:10,0
DA:11,0
DA:12,0
DA:15,0
DA:16,0
DA:20,0
DA:24,0
DA:36,0
DA:37,0
DA:38,0
DA:43,0
DA:54,0
DA:56,0
DA:58,0
DA:60,0
DA:72,0
DA:73,0
DA:74,0
DA:77,0
DA:80,0
DA:81,0
DA:82,0
DA:86,0
DA:87,0
DA:89,0
DA:94,0
DA:95,0
DA:104,0
DA:106,0
DA:116,0
DA:118,0
DA:119,0
DA:125,0
DA:135,0
DA:136,0
DA:137,0
DA:138,0
DA:141,0
DA:143,0
DA:144,0
DA:147,0
DA:148,0
DA:149,0
DA:156,0
DA:157,0
DA:160,0
DA:161,0
DA:162,0
DA:172,0
DA:173,0
DA:174,0
DA:177,0
DA:179,0
DA:195,0
DA:196,0
DA:197,0
DA:198,0
DA:208,0
DA:215,0
DA:217,0
DA:218,0
DA:219,0
DA:222,0
DA:223,0
DA:233,0
DA:234,0
DA:235,0
DA:238,0
DA:239,0
DA:240,0
DA:242,0
DA:243,0
DA:250,0
DA:252,0
DA:254,0
DA:255,0
DA:261,0
DA:272,0
DA:273,0
DA:274,0
DA:277,0
DA:278,0
DA:280,0
DA:285,0
DA:287,0
DA:288,0
DA:295,0
DA:302,0
DA:304,0
DA:305,0
DA:312,0
DA:317,0
LF:94
LH:0
BRDA:35,0,0,0
BRDA:35,1,0,0
BRDA:37,2,0,0
BRDA:37,2,1,0
BRDA:54,3,0,0
BRDA:54,3,1,0
BRDA:54,3,2,0
BRDA:80,4,0,0
BRDA:80,4,1,0
BRDA:94,5,0,0
BRDA:94,5,1,0
BRDA:118,6,0,0
BRDA:118,6,1,0
BRDA:137,7,0,0
BRDA:137,7,1,0
BRDA:147,8,0,0
BRDA:147,8,1,0
BRDA:173,9,0,0
BRDA:173,9,1,0
BRDA:234,10,0,0
BRDA:234,10,1,0
BRDA:242,11,0,0
BRDA:242,11,1,0
BRDA:254,12,0,0
BRDA:254,12,1,0
BRDA:273,13,0,0
BRDA:273,13,1,0
BRDA:287,14,0,0
BRDA:287,14,1,0
BRDA:304,15,0,0
BRDA:304,15,1,0
BRF:31
BRH:0
end_of_record
TN:
SF:services\MockBrowserService.js
FN:5,(anonymous_0)
FN:17,(anonymous_1)
FN:35,(anonymous_2)
FN:103,(anonymous_3)
FN:112,(anonymous_4)
FN:125,(anonymous_5)
FN:166,(anonymous_6)
FN:186,(anonymous_7)
FN:188,(anonymous_8)
FN:189,(anonymous_9)
FN:204,(anonymous_10)
FN:213,(anonymous_11)
FN:240,(anonymous_12)
FN:249,(anonymous_13)
FNF:14
FNH:0
FNDA:0,(anonymous_0)
FNDA:0,(anonymous_1)
FNDA:0,(anonymous_2)
FNDA:0,(anonymous_3)
FNDA:0,(anonymous_4)
FNDA:0,(anonymous_5)
FNDA:0,(anonymous_6)
FNDA:0,(anonymous_7)
FNDA:0,(anonymous_8)
FNDA:0,(anonymous_9)
FNDA:0,(anonymous_10)
FNDA:0,(anonymous_11)
FNDA:0,(anonymous_12)
FNDA:0,(anonymous_13)
DA:1,0
DA:2,0
DA:6,0
DA:19,0
DA:20,0
DA:24,0
DA:25,0
DA:26,0
DA:30,0
DA:32,0
DA:35,0
DA:38,0
DA:39,0
DA:41,0
DA:54,0
DA:56,0
DA:59,0
DA:91,0
DA:92,0
DA:95,0
DA:104,0
DA:105,0
DA:106,0
DA:109,0
DA:112,0
DA:114,0
DA:116,0
DA:117,0
DA:126,0
DA:127,0
DA:128,0
DA:131,0
DA:155,0
DA:156,0
DA:159,0
DA:167,0
DA:168,0
DA:169,0
DA:180,0
DA:187,0
DA:188,0
DA:189,0
DA:190,0
DA:194,0
DA:195,0
DA:205,0
DA:206,0
DA:207,0
DA:210,0
DA:213,0
DA:216,0
DA:217,0
DA:218,0
DA:219,0
DA:220,0
DA:221,0
DA:222,0
DA:223,0
DA:225,0
DA:241,0
DA:242,0
DA:243,0
DA:246,0
DA:249,0
DA:252,0
DA:253,0
DA:255,0
DA:266,0
LF:68
LH:0
BRDA:17,0,0,0
BRDA:17,1,0,0
BRDA:19,2,0,0
BRDA:19,2,1,0
BRDA:25,3,0,0
BRDA:25,3,1,0
BRDA:30,4,0,0
BRDA:30,4,1,0
BRDA:30,4,2,0
BRDA:39,5,0,0
BRDA:39,5,1,0
BRDA:48,6,0,0
BRDA:48,6,1,0
BRDA:70,7,0,0
BRDA:70,7,1,0
BRDA:78,8,0,0
BRDA:78,8,1,0
BRDA:79,9,0,0
BRDA:79,9,1,0
BRDA:91,10,0,0
BRDA:91,10,1,0
BRDA:105,11,0,0
BRDA:105,11,1,0
BRDA:127,12,0,0
BRDA:127,12,1,0
BRDA:146,13,0,0
BRDA:146,13,1,0
BRDA:155,14,0,0
BRDA:155,14,1,0
BRDA:206,15,0,0
BRDA:206,15,1,0
BRDA:216,16,0,0
BRDA:216,16,1,0
BRDA:218,17,0,0
BRDA:218,17,1,0
BRDA:220,18,0,0
BRDA:220,18,1,0
BRDA:222,19,0,0
BRDA:222,19,1,0
BRDA:227,20,0,0
BRDA:227,20,1,0
BRDA:242,21,0,0
BRDA:242,21,1,0
BRF:43
BRH:0
end_of_record
TN:
SF:services\ProfileLogService.js
FN:11,(anonymous_0)
FN:15,(anonymous_1)
FN:29,(anonymous_2)
FN:57,(anonymous_3)
FN:75,(anonymous_4)
FN:100,(anonymous_5)
FN:104,(anonymous_6)
FN:126,(anonymous_7)
FN:131,(anonymous_8)
FN:134,(anonymous_9)
FN:141,(anonymous_10)
FN:159,(anonymous_11)
FN:164,(anonymous_12)
FN:167,(anonymous_13)
FN:174,(anonymous_14)
FN:191,(anonymous_15)
FN:196,(anonymous_16)
FN:197,(anonymous_17)
FNF:18
FNH:9
FNDA:2,(anonymous_0)
FNDA:2,(anonymous_1)
FNDA:12,(anonymous_2)
FNDA:24,(anonymous_3)
FNDA:24,(anonymous_4)
FNDA:0,(anonymous_5)
FNDA:0,(anonymous_6)
FNDA:1,(anonymous_7)
FNDA:0,(anonymous_8)
FNDA:0,(anonymous_9)
FNDA:0,(anonymous_10)
FNDA:0,(anonymous_11)
FNDA:0,(anonymous_12)
FNDA:0,(anonymous_13)
FNDA:0,(anonymous_14)
FNDA:1,(anonymous_15)
FNDA:87,(anonymous_16)
FNDA:87,(anonymous_17)
DA:1,2
DA:2,2
DA:3,2
DA:5,2
DA:6,2
DA:7,2
DA:8,2
DA:12,2
DA:16,2
DA:17,2
DA:19,0
DA:30,12
DA:39,12
DA:41,12
DA:44,12
DA:46,12
DA:48,0
DA:58,24
DA:59,24
DA:61,24
DA:62,24
DA:65,24
DA:67,0
DA:76,24
DA:77,24
DA:78,24
DA:80,24
DA:81,0
DA:82,0
DA:84,0
DA:85,0
DA:88,0
DA:101,0
DA:102,0
DA:103,0
DA:104,0
DA:108,0
DA:109,0
DA:110,0
DA:111,0
DA:113,0
DA:116,0
DA:127,1
DA:129,1
DA:130,1
DA:131,0
DA:133,0
DA:135,0
DA:136,0
DA:138,0
DA:141,0
DA:145,0
DA:147,1
DA:148,1
DA:150,0
DA:160,0
DA:162,0
DA:163,0
DA:164,0
DA:166,0
DA:168,0
DA:169,0
DA:171,0
DA:174,0
DA:178,0
DA:180,0
DA:181,0
DA:183,0
DA:192,1
DA:193,1
DA:194,1
DA:196,87
DA:197,87
DA:202,1
DA:203,87
DA:204,87
DA:205,87
DA:206,87
DA:212,1
DA:214,0
DA:225,2
LF:81
LH:41
BRDA:29,0,0,0
BRDA:35,1,0,12
BRDA:35,1,1,0
BRDA:36,2,0,12
BRDA:36,2,1,12
BRDA:80,3,0,0
BRDA:80,3,1,24
BRDA:108,4,0,0
BRDA:108,4,1,0
BRDA:126,5,0,0
BRDA:147,6,0,1
BRDA:147,6,1,0
BRDA:159,7,0,0
BRDA:180,8,0,0
BRDA:180,8,1,0
BRF:15
BRH:5
end_of_record
TN:
SF:services\ProfileRepository.js
FN:8,(anonymous_0)
FN:15,(anonymous_1)
FN:22,(anonymous_2)
FN:112,(anonymous_3)
FN:157,(anonymous_4)
FN:170,(anonymous_5)
FN:173,(anonymous_6)
FN:183,(anonymous_7)
FN:220,(anonymous_8)
FN:239,(anonymous_9)
FN:258,(anonymous_10)
FN:270,(anonymous_11)
FN:287,(anonymous_12)
FN:303,(anonymous_13)
FN:316,(anonymous_14)
FN:340,(anonymous_15)
FN:361,(anonymous_16)
FN:370,(anonymous_17)
FNF:18
FNH:0
FNDA:0,(anonymous_0)
FNDA:0,(anonymous_1)
FNDA:0,(anonymous_2)
FNDA:0,(anonymous_3)
FNDA:0,(anonymous_4)
FNDA:0,(anonymous_5)
FNDA:0,(anonymous_6)
FNDA:0,(anonymous_7)
FNDA:0,(anonymous_8)
FNDA:0,(anonymous_9)
FNDA:0,(anonymous_10)
FNDA:0,(anonymous_11)
FNDA:0,(anonymous_12)
FNDA:0,(anonymous_13)
FNDA:0,(anonymous_14)
FNDA:0,(anonymous_15)
FNDA:0,(anonymous_16)
FNDA:0,(anonymous_17)
DA:1,0
DA:2,0
DA:3,0
DA:4,0
DA:5,0
DA:9,0
DA:10,0
DA:11,0
DA:12,0
DA:16,0
DA:17,0
DA:18,0
DA:24,0
DA:43,0
DA:49,0
DA:63,0
DA:77,0
DA:106,0
DA:113,0
DA:114,0
DA:115,0
DA:129,0
DA:143,0
DA:144,0
DA:146,0
DA:147,0
DA:149,0
DA:150,0
DA:158,0
DA:159,0
DA:160,0
DA:162,0
DA:163,0
DA:171,0
DA:172,0
DA:173,0
DA:175,0
DA:176,0
DA:184,0
DA:185,0
DA:186,0
DA:187,0
DA:190,0
DA:192,0
DA:206,0
DA:207,0
DA:209,0
DA:210,0
DA:212,0
DA:213,0
DA:221,0
DA:222,0
DA:223,0
DA:224,0
DA:227,0
DA:228,0
DA:229,0
DA:231,0
DA:232,0
DA:240,0
DA:241,0
DA:242,0
DA:248,0
DA:250,0
DA:251,0
DA:259,0
DA:260,0
DA:262,0
DA:263,0
DA:271,0
DA:272,0
DA:280,0
DA:288,0
DA:289,0
DA:290,0
DA:292,0
DA:293,0
DA:294,0
DA:297,0
DA:298,0
DA:300,0
DA:301,0
DA:303,0
DA:308,0
DA:309,0
DA:317,0
DA:318,0
DA:319,0
DA:320,0
DA:322,0
DA:324,0
DA:332,0
DA:333,0
DA:341,0
DA:362,0
DA:363,0
DA:371,0
DA:372,0
DA:373,0
DA:375,0
DA:376,0
DA:381,0
LF:102
LH:0
BRDA:17,0,0,0
BRDA:17,0,1,0
BRDA:118,1,0,0
BRDA:118,1,1,0
BRDA:119,2,0,0
BRDA:119,2,1,0
BRDA:120,3,0,0
BRDA:120,3,1,0
BRDA:121,4,0,0
BRDA:121,4,1,0
BRDA:122,5,0,0
BRDA:122,5,1,0
BRDA:123,6,0,0
BRDA:123,6,1,0
BRDA:124,7,0,0
BRDA:124,7,1,0
BRDA:125,8,0,0
BRDA:125,8,1,0
BRDA:126,9,0,0
BRDA:126,9,1,0
BRDA:146,10,0,0
BRDA:146,10,1,0
BRDA:160,11,0,0
BRDA:160,11,1,0
BRDA:186,12,0,0
BRDA:186,12,1,0
BRDA:198,13,0,0
BRDA:198,13,1,0
BRDA:199,14,0,0
BRDA:199,14,1,0
BRDA:200,15,0,0
BRDA:200,15,1,0
BRDA:201,16,0,0
BRDA:201,16,1,0
BRDA:209,17,0,0
BRDA:209,17,1,0
BRDA:223,18,0,0
BRDA:223,18,1,0
BRDA:245,19,0,0
BRDA:245,19,1,0
BRDA:246,20,0,0
BRDA:246,20,1,0
BRDA:270,21,0,0
BRDA:276,22,0,0
BRDA:276,22,1,0
BRDA:277,23,0,0
BRDA:277,23,1,0
BRDA:287,24,0,0
BRDA:287,25,0,0
BRDA:287,26,0,0
BRDA:292,27,0,0
BRDA:292,27,1,0
BRDA:305,28,0,0
BRDA:305,28,1,0
BRDA:346,29,0,0
BRDA:346,29,1,0
BRDA:347,30,0,0
BRDA:347,30,1,0
BRDA:348,31,0,0
BRDA:348,31,1,0
BRDA:349,32,0,0
BRDA:349,32,1,0
BRDA:350,33,0,0
BRDA:350,33,1,0
BRDA:351,34,0,0
BRDA:351,34,1,0
BRDA:362,35,0,0
BRDA:362,35,1,0
BRF:68
BRH:0
end_of_record
TN:
SF:services\ProfileService.js
FN:9,(anonymous_0)
FN:17,(anonymous_1)
FN:35,(anonymous_2)
FN:41,(anonymous_3)
FN:59,(anonymous_4)
FN:79,(anonymous_5)
FN:109,(anonymous_6)
FN:119,(anonymous_7)
FN:130,(anonymous_8)
FN:158,(anonymous_9)
FN:175,(anonymous_10)
FN:208,(anonymous_11)
FNF:12
FNH:11
FNDA:5,(anonymous_0)
FNDA:84,(anonymous_1)
FNDA:3,(anonymous_2)
FNDA:39,(anonymous_3)
FNDA:58,(anonymous_4)
FNDA:27,(anonymous_5)
FNDA:6,(anonymous_6)
FNDA:20,(anonymous_7)
FNDA:4,(anonymous_8)
FNDA:27,(anonymous_9)
FNDA:31,(anonymous_10)
FNDA:0,(anonymous_11)
DA:1,5
DA:2,5
DA:3,5
DA:4,5
DA:6,5
DA:10,5
DA:11,5
DA:18,84
DA:20,3
DA:21,3
DA:22,3
DA:23,3
DA:25,0
DA:27,0
DA:28,0
DA:36,3
DA:37,3
DA:38,3
DA:40,3
DA:41,3
DA:42,39
DA:45,3
DA:47,0
DA:48,0
DA:49,0
DA:51,0
DA:60,58
DA:62,58
DA:63,58
DA:65,58
DA:66,58
DA:67,58
DA:69,0
DA:70,0
DA:80,27
DA:82,27
DA:96,27
DA:98,27
DA:99,27
DA:101,27
DA:102,27
DA:110,6
DA:111,6
DA:120,20
DA:121,20
DA:131,4
DA:133,4
DA:134,4
DA:136,4
DA:144,4
DA:146,4
DA:147,4
DA:149,4
DA:150,4
DA:159,27
DA:161,27
DA:162,27
DA:164,27
DA:165,27
DA:167,27
DA:168,27
DA:176,31
DA:177,0
DA:180,31
DA:181,31
DA:182,0
DA:184,31
DA:185,0
DA:189,31
DA:190,5
DA:191,0
DA:193,5
DA:194,0
DA:199,31
DA:200,0
DA:209,0
DA:217,0
DA:221,5
LF:78
LH:61
BRDA:18,0,0,81
BRDA:18,0,1,3
BRDA:47,1,0,0
BRDA:47,1,1,0
BRDA:85,2,0,27
BRDA:85,2,1,0
BRDA:86,3,0,27
BRDA:86,3,1,1
BRDA:87,4,0,27
BRDA:87,4,1,24
BRDA:88,5,0,27
BRDA:88,5,1,1
BRDA:90,6,0,27
BRDA:90,6,1,27
BRDA:121,7,0,20
BRDA:121,7,1,2
BRDA:134,8,0,0
BRDA:134,8,1,4
BRDA:162,9,0,0
BRDA:162,9,1,27
BRDA:176,10,0,0
BRDA:176,10,1,31
BRDA:176,11,0,31
BRDA:176,11,1,31
BRDA:180,12,0,31
BRDA:180,12,1,0
BRDA:181,13,0,0
BRDA:181,13,1,31
BRDA:181,14,0,31
BRDA:181,14,1,31
BRDA:184,15,0,0
BRDA:184,15,1,31
BRDA:184,16,0,31
BRDA:184,16,1,31
BRDA:189,17,0,5
BRDA:189,17,1,26
BRDA:190,18,0,0
BRDA:190,18,1,5
BRDA:190,19,0,5
BRDA:190,19,1,5
BRDA:193,20,0,0
BRDA:193,20,1,5
BRDA:199,21,0,0
BRDA:199,21,1,31
BRDA:199,22,0,31
BRDA:199,22,1,31
BRF:46
BRH:34
end_of_record
TN:
SF:services\ProxyPoolService.js
FN:10,(anonymous_0)
FN:19,(anonymous_1)
FN:28,(anonymous_2)
FN:36,(anonymous_3)
FN:45,(anonymous_4)
FN:54,(anonymous_5)
FN:63,(anonymous_6)
FN:84,(anonymous_7)
FN:93,(anonymous_8)
FNF:9
FNH:1
FNDA:2,(anonymous_0)
FNDA:0,(anonymous_1)
FNDA:0,(anonymous_2)
FNDA:0,(anonymous_3)
FNDA:0,(anonymous_4)
FNDA:0,(anonymous_5)
FNDA:0,(anonymous_6)
FNDA:0,(anonymous_7)
FNDA:0,(anonymous_8)
DA:6,2
DA:7,2
DA:11,2
DA:20,0
DA:29,0
DA:37,0
DA:46,0
DA:55,0
DA:65,0
DA:76,0
DA:77,0
DA:85,0
DA:94,0
DA:98,2
LF:14
LH:4
BRDA:45,0,0,0
BRDA:54,1,0,0
BRDA:76,2,0,0
BRDA:76,2,1,0
BRF:4
BRH:0
end_of_record
TN:
SF:services\ProxyRepository.js
FN:10,(anonymous_0)
FN:15,(anonymous_1)
FN:42,(anonymous_2)
FN:70,(anonymous_3)
FN:73,(anonymous_4)
FN:83,(anonymous_5)
FN:86,(anonymous_6)
FN:96,(anonymous_7)
FN:109,(anonymous_8)
FN:126,(anonymous_9)
FN:161,(anonymous_10)
FN:192,(anonymous_11)
FN:209,(anonymous_12)
FN:228,(anonymous_13)
FN:229,(anonymous_14)
FN:240,(anonymous_15)
FNF:16
FNH:2
FNDA:2,(anonymous_0)
FNDA:2,(anonymous_1)
FNDA:0,(anonymous_2)
FNDA:0,(anonymous_3)
FNDA:0,(anonymous_4)
FNDA:0,(anonymous_5)
FNDA:0,(anonymous_6)
FNDA:0,(anonymous_7)
FNDA:0,(anonymous_8)
FNDA:0,(anonymous_9)
FNDA:0,(anonymous_10)
FNDA:0,(anonymous_11)
FNDA:0,(anonymous_12)
FNDA:0,(anonymous_13)
FNDA:0,(anonymous_14)
FNDA:0,(anonymous_15)
DA:5,2
DA:6,2
DA:7,2
DA:11,2
DA:12,2
DA:16,2
DA:43,0
DA:44,0
DA:45,0
DA:56,0
DA:57,0
DA:59,0
DA:60,0
DA:62,0
DA:63,0
DA:71,0
DA:72,0
DA:73,0
DA:75,0
DA:76,0
DA:84,0
DA:85,0
DA:86,0
DA:88,0
DA:89,0
DA:97,0
DA:98,0
DA:99,0
DA:101,0
DA:102,0
DA:110,0
DA:111,0
DA:112,0
DA:113,0
DA:114,0
DA:116,0
DA:118,0
DA:119,0
DA:127,0
DA:128,0
DA:129,0
DA:131,0
DA:132,0
DA:133,0
DA:135,0
DA:136,0
DA:137,0
DA:139,0
DA:140,0
DA:141,0
DA:144,0
DA:146,0
DA:147,0
DA:148,0
DA:149,0
DA:151,0
DA:153,0
DA:154,0
DA:162,0
DA:163,0
DA:164,0
DA:166,0
DA:167,0
DA:168,0
DA:170,0
DA:171,0
DA:172,0
DA:175,0
DA:177,0
DA:178,0
DA:179,0
DA:180,0
DA:182,0
DA:184,0
DA:185,0
DA:193,0
DA:194,0
DA:195,0
DA:197,0
DA:198,0
DA:199,0
DA:201,0
DA:202,0
DA:210,0
DA:211,0
DA:212,0
DA:217,0
DA:223,0
DA:228,0
DA:229,0
DA:232,0
DA:233,0
DA:241,0
DA:258,2
LF:94
LH:7
BRDA:49,0,0,0
BRDA:49,0,1,0
BRDA:50,1,0,0
BRDA:50,1,1,0
BRDA:51,2,0,0
BRDA:51,2,1,0
BRDA:52,3,0,0
BRDA:52,3,1,0
BRDA:53,4,0,0
BRDA:53,4,1,0
BRDA:59,5,0,0
BRDA:59,5,1,0
BRDA:99,6,0,0
BRDA:99,6,1,0
BRDA:112,7,0,0
BRDA:112,7,1,0
BRDA:126,8,0,0
BRDA:131,9,0,0
BRDA:131,9,1,0
BRDA:135,10,0,0
BRDA:135,10,1,0
BRDA:139,11,0,0
BRDA:139,11,1,0
BRDA:147,12,0,0
BRDA:147,12,1,0
BRDA:161,13,0,0
BRDA:166,14,0,0
BRDA:166,14,1,0
BRDA:170,15,0,0
BRDA:170,15,1,0
BRDA:178,16,0,0
BRDA:178,16,1,0
BRDA:195,17,0,0
BRDA:195,17,1,0
BRDA:197,18,0,0
BRDA:197,18,1,0
BRDA:227,19,0,0
BRDA:227,19,1,0
BRF:38
BRH:0
end_of_record
